ERROR StackTrace - Full Stack Trace:
java.lang.reflect.InvocationTargetException: null
	at sun.reflect.NativeMethodAccessorImpl.invoke0(Native Method)
	at sun.reflect.NativeMethodAccessorImpl.invoke(NativeMethodAccessorImpl.java:62)
	at sun.reflect.DelegatingMethodAccessorImpl.invoke(DelegatingMethodAccessorImpl.java:43)
	at java.lang.reflect.Method.invoke(Method.java:498)
	at org.springsource.loaded.ri.ReflectiveInterceptor.jlrMethodInvoke(ReflectiveInterceptor.java:1426)
	at org.grails.core.DefaultGrailsControllerClass$ReflectionInvoker.invoke(DefaultGrailsControllerClass.java:210)
	at org.grails.core.DefaultGrailsControllerClass.invoke(DefaultGrailsControllerClass.java:187)
	at org.grails.web.mapping.mvc.UrlMappingsInfoHandlerAdapter.handle(UrlMappingsInfoHandlerAdapter.groovy:89)
	at org.springframework.web.servlet.DispatcherServlet.doDispatch(DispatcherServlet.java:961)
	at org.springframework.web.servlet.DispatcherServlet.doService(DispatcherServlet.java:895)
	at org.springframework.web.servlet.FrameworkServlet.processRequest(FrameworkServlet.java:967)
	at org.springframework.web.servlet.FrameworkServlet.doGet(FrameworkServlet.java:858)
	at javax.servlet.http.HttpServlet.service(HttpServlet.java:622)
	at org.springframework.web.servlet.FrameworkServlet.service(FrameworkServlet.java:843)
	at javax.servlet.http.HttpServlet.service(HttpServlet.java:729)
	at org.apache.catalina.core.ApplicationFilterChain.internalDoFilter(ApplicationFilterChain.java:292)
	at org.apache.catalina.core.ApplicationFilterChain.doFilter(ApplicationFilterChain.java:207)
	at org.apache.tomcat.websocket.server.WsFilter.doFilter(WsFilter.java:52)
	at org.apache.catalina.core.ApplicationFilterChain.internalDoFilter(ApplicationFilterChain.java:240)
	at org.apache.catalina.core.ApplicationFilterChain.doFilter(ApplicationFilterChain.java:207)
	at org.springframework.boot.actuate.autoconfigure.EndpointWebMvcAutoConfiguration$ApplicationContextHeaderFilter.doFilterInternal(EndpointWebMvcAutoConfiguration.java:261)
	at org.springframework.web.filter.OncePerRequestFilter.doFilter(OncePerRequestFilter.java:107)
	at org.apache.catalina.core.ApplicationFilterChain.internalDoFilter(ApplicationFilterChain.java:240)
	at org.apache.catalina.core.ApplicationFilterChain.doFilter(ApplicationFilterChain.java:207)
	at org.springframework.boot.actuate.trace.WebRequestTraceFilter.doFilterInternal(WebRequestTraceFilter.java:115)
	at org.springframework.web.filter.OncePerRequestFilter.doFilter(OncePerRequestFilter.java:107)
	at org.apache.catalina.core.ApplicationFilterChain.internalDoFilter(ApplicationFilterChain.java:240)
	at org.apache.catalina.core.ApplicationFilterChain.doFilter(ApplicationFilterChain.java:207)
	at org.grails.web.servlet.mvc.GrailsWebRequestFilter.doFilterInternal(GrailsWebRequestFilter.java:75)
	at org.springframework.web.filter.OncePerRequestFilter.doFilter(OncePerRequestFilter.java:107)
	at org.apache.catalina.core.ApplicationFilterChain.internalDoFilter(ApplicationFilterChain.java:240)
	at org.apache.catalina.core.ApplicationFilterChain.doFilter(ApplicationFilterChain.java:207)
	at org.grails.web.filters.HiddenHttpMethodFilter.doFilterInternal(HiddenHttpMethodFilter.java:67)
	at org.springframework.web.filter.OncePerRequestFilter.doFilter(OncePerRequestFilter.java:107)
	at org.apache.catalina.core.ApplicationFilterChain.internalDoFilter(ApplicationFilterChain.java:240)
	at org.apache.catalina.core.ApplicationFilterChain.doFilter(ApplicationFilterChain.java:207)
	at org.springframework.web.filter.CharacterEncodingFilter.doFilterInternal(CharacterEncodingFilter.java:121)
	at org.springframework.web.filter.OncePerRequestFilter.doFilter(OncePerRequestFilter.java:107)
	at org.apache.catalina.core.ApplicationFilterChain.internalDoFilter(ApplicationFilterChain.java:240)
	at org.apache.catalina.core.ApplicationFilterChain.doFilter(ApplicationFilterChain.java:207)
	at org.springframework.boot.actuate.autoconfigure.MetricsFilter.doFilterInternal(MetricsFilter.java:103)
	at org.springframework.web.filter.OncePerRequestFilter.doFilter(OncePerRequestFilter.java:107)
	at org.apache.catalina.core.ApplicationFilterChain.internalDoFilter(ApplicationFilterChain.java:240)
	at org.apache.catalina.core.ApplicationFilterChain.doFilter(ApplicationFilterChain.java:207)
	at org.apache.catalina.core.StandardWrapperValve.invoke(StandardWrapperValve.java:212)
	at org.apache.catalina.core.StandardContextValve.invoke(StandardContextValve.java:106)
	at org.apache.catalina.authenticator.AuthenticatorBase.invoke(AuthenticatorBase.java:502)
	at org.apache.catalina.core.StandardHostValve.invoke(StandardHostValve.java:141)
	at org.apache.catalina.valves.ErrorReportValve.invoke(ErrorReportValve.java:79)
	at org.apache.catalina.core.StandardEngineValve.invoke(StandardEngineValve.java:88)
	at org.apache.catalina.connector.CoyoteAdapter.service(CoyoteAdapter.java:522)
	at org.apache.coyote.http11.AbstractHttp11Processor.process(AbstractHttp11Processor.java:1095)
	at org.apache.coyote.AbstractProtocol$AbstractConnectionHandler.process(AbstractProtocol.java:672)
	at org.apache.tomcat.util.net.NioEndpoint$SocketProcessor.doRun(NioEndpoint.java:1502)
	at org.apache.tomcat.util.net.NioEndpoint$SocketProcessor.run(NioEndpoint.java:1458)
	at java.util.concurrent.ThreadPoolExecutor.runWorker(ThreadPoolExecutor.java:1142)
	at java.util.concurrent.ThreadPoolExecutor$Worker.run(ThreadPoolExecutor.java:617)
	at org.apache.tomcat.util.threads.TaskThread$WrappingRunnable.run(TaskThread.java:61)
	at java.lang.Thread.run(Thread.java:745)
Caused by: java.sql.SQLException: [SQLITE_ERROR] SQL error or missing database (no such table: [)
	at org.sqlite.core.DB.newSQLException(DB.java:890)
	at org.sqlite.core.DB.newSQLException(DB.java:901)
	at org.sqlite.core.DB.throwex(DB.java:868)
	at org.sqlite.core.NativeDB.prepare(Native Method)
	at org.sqlite.core.DB.prepare(DB.java:211)
	at org.sqlite.jdbc3.JDBC3Statement.executeQuery(JDBC3Statement.java:81)
	at groovy.sql.Sql.eachRow(Sql.java:1188)
	at groovy.sql.Sql.eachRow(Sql.java:1152)
	at groovy.sql.Sql.eachRow(Sql.java:1091)
	at groovy.sql.Sql$eachRow$0.call(Unknown Source)
	at org.codehaus.groovy.runtime.callsite.CallSiteArray.defaultCall(CallSiteArray.java:48)
	at org.codehaus.groovy.runtime.callsite.AbstractCallSite.call(AbstractCallSite.java:113)
	at org.codehaus.groovy.runtime.callsite.AbstractCallSite.call(AbstractCallSite.java:133)
	at prni.InitController$_metadata_closure1.doCall(InitController.groovy:23)
	at sun.reflect.NativeMethodAccessorImpl.invoke0(Native Method)
	at sun.reflect.NativeMethodAccessorImpl.invoke(NativeMethodAccessorImpl.java:62)
	at sun.reflect.DelegatingMethodAccessorImpl.invoke(DelegatingMethodAccessorImpl.java:43)
	at java.lang.reflect.Method.invoke(Method.java:498)
	at org.springsource.loaded.ri.ReflectiveInterceptor.jlrMethodInvoke(ReflectiveInterceptor.java:1426)
	at org.codehaus.groovy.reflection.CachedMethod.invoke(CachedMethod.java:93)
	at groovy.lang.MetaMethod.doMethodInvoke(MetaMethod.java:325)
	at org.codehaus.groovy.runtime.metaclass.ClosureMetaClass.invokeMethod(ClosureMetaClass.java:294)
	at groovy.lang.MetaClassImpl.invokeMethod(MetaClassImpl.java:1024)
	at groovy.lang.Closure.call(Closure.java:414)
	at prni.InitController$_metadata_closure1.call(InitController.groovy)
	at groovy.lang.Closure.call(Closure.java:430)
	at prni.InitController$_metadata_closure1.call(InitController.groovy)
	at org.codehaus.groovy.runtime.DefaultGroovyMethods.each(DefaultGroovyMethods.java:2030)
	at org.codehaus.groovy.runtime.DefaultGroovyMethods.each(DefaultGroovyMethods.java:1890)
	at org.codehaus.groovy.runtime.dgm$159.invoke(Unknown Source)
	at org.codehaus.groovy.runtime.callsite.PojoMetaMethodSite$PojoMetaMethodSiteNoUnwrapNoCoerce.invoke(PojoMetaMethodSite.java:274)
	at org.codehaus.groovy.runtime.callsite.PojoMetaMethodSite.call(PojoMetaMethodSite.java:56)
	at org.codehaus.groovy.runtime.callsite.CallSiteArray.defaultCall(CallSiteArray.java:48)
	at org.codehaus.groovy.runtime.callsite.AbstractCallSite.call(AbstractCallSite.java:113)
	at org.codehaus.groovy.runtime.callsite.AbstractCallSite.call(AbstractCallSite.java:125)
	at prni.InitController.metadata(InitController.groovy:20)
	at prni.InitController.index(InitController.groovy:9)
	... 59 common frames omitted
ERROR StackTrace - Full Stack Trace:
java.sql.SQLException: [SQLITE_ERROR] SQL error or missing database (no such table: [)
	at org.sqlite.core.DB.newSQLException(DB.java:890)
	at org.sqlite.core.DB.newSQLException(DB.java:901)
	at org.sqlite.core.DB.throwex(DB.java:868)
	at org.sqlite.core.NativeDB.prepare(Native Method)
	at org.sqlite.core.DB.prepare(DB.java:211)
	at org.sqlite.jdbc3.JDBC3Statement.executeQuery(JDBC3Statement.java:81)
	at groovy.sql.Sql.eachRow(Sql.java:1188)
	at groovy.sql.Sql.eachRow(Sql.java:1152)
	at groovy.sql.Sql.eachRow(Sql.java:1091)
	at groovy.sql.Sql$eachRow$0.call(Unknown Source)
	at org.codehaus.groovy.runtime.callsite.CallSiteArray.defaultCall(CallSiteArray.java:48)
	at org.codehaus.groovy.runtime.callsite.AbstractCallSite.call(AbstractCallSite.java:113)
	at org.codehaus.groovy.runtime.callsite.AbstractCallSite.call(AbstractCallSite.java:133)
	at prni.InitController$_metadata_closure1.doCall(InitController.groovy:23)
	at sun.reflect.NativeMethodAccessorImpl.invoke0(Native Method)
	at sun.reflect.NativeMethodAccessorImpl.invoke(NativeMethodAccessorImpl.java:62)
	at sun.reflect.DelegatingMethodAccessorImpl.invoke(DelegatingMethodAccessorImpl.java:43)
	at java.lang.reflect.Method.invoke(Method.java:498)
	at org.springsource.loaded.ri.ReflectiveInterceptor.jlrMethodInvoke(ReflectiveInterceptor.java:1426)
	at org.codehaus.groovy.reflection.CachedMethod.invoke(CachedMethod.java:93)
	at groovy.lang.MetaMethod.doMethodInvoke(MetaMethod.java:325)
	at org.codehaus.groovy.runtime.metaclass.ClosureMetaClass.invokeMethod(ClosureMetaClass.java:294)
	at groovy.lang.MetaClassImpl.invokeMethod(MetaClassImpl.java:1024)
	at groovy.lang.Closure.call(Closure.java:414)
	at prni.InitController$_metadata_closure1.call(InitController.groovy)
	at groovy.lang.Closure.call(Closure.java:430)
	at prni.InitController$_metadata_closure1.call(InitController.groovy)
	at org.codehaus.groovy.runtime.DefaultGroovyMethods.each(DefaultGroovyMethods.java:2030)
	at org.codehaus.groovy.runtime.DefaultGroovyMethods.each(DefaultGroovyMethods.java:1890)
	at org.codehaus.groovy.runtime.dgm$159.invoke(Unknown Source)
	at org.codehaus.groovy.runtime.callsite.PojoMetaMethodSite$PojoMetaMethodSiteNoUnwrapNoCoerce.invoke(PojoMetaMethodSite.java:274)
	at org.codehaus.groovy.runtime.callsite.PojoMetaMethodSite.call(PojoMetaMethodSite.java:56)
	at org.codehaus.groovy.runtime.callsite.CallSiteArray.defaultCall(CallSiteArray.java:48)
	at org.codehaus.groovy.runtime.callsite.AbstractCallSite.call(AbstractCallSite.java:113)
	at org.codehaus.groovy.runtime.callsite.AbstractCallSite.call(AbstractCallSite.java:125)
	at prni.InitController.metadata(InitController.groovy:20)
	at prni.InitController.index(InitController.groovy:9)
	at sun.reflect.NativeMethodAccessorImpl.invoke0(Native Method)
	at sun.reflect.NativeMethodAccessorImpl.invoke(NativeMethodAccessorImpl.java:62)
	at sun.reflect.DelegatingMethodAccessorImpl.invoke(DelegatingMethodAccessorImpl.java:43)
	at java.lang.reflect.Method.invoke(Method.java:498)
	at org.springsource.loaded.ri.ReflectiveInterceptor.jlrMethodInvoke(ReflectiveInterceptor.java:1426)
	at org.grails.core.DefaultGrailsControllerClass$ReflectionInvoker.invoke(DefaultGrailsControllerClass.java:210)
	at org.grails.core.DefaultGrailsControllerClass.invoke(DefaultGrailsControllerClass.java:187)
	at org.grails.web.mapping.mvc.UrlMappingsInfoHandlerAdapter.handle(UrlMappingsInfoHandlerAdapter.groovy:89)
	at org.springframework.web.servlet.DispatcherServlet.doDispatch(DispatcherServlet.java:961)
	at org.springframework.web.servlet.DispatcherServlet.doService(DispatcherServlet.java:895)
	at org.springframework.web.servlet.FrameworkServlet.processRequest(FrameworkServlet.java:967)
	at org.springframework.web.servlet.FrameworkServlet.doGet(FrameworkServlet.java:858)
	at javax.servlet.http.HttpServlet.service(HttpServlet.java:622)
	at org.springframework.web.servlet.FrameworkServlet.service(FrameworkServlet.java:843)
	at javax.servlet.http.HttpServlet.service(HttpServlet.java:729)
	at org.apache.catalina.core.ApplicationFilterChain.internalDoFilter(ApplicationFilterChain.java:292)
	at org.apache.catalina.core.ApplicationFilterChain.doFilter(ApplicationFilterChain.java:207)
	at org.apache.tomcat.websocket.server.WsFilter.doFilter(WsFilter.java:52)
	at org.apache.catalina.core.ApplicationFilterChain.internalDoFilter(ApplicationFilterChain.java:240)
	at org.apache.catalina.core.ApplicationFilterChain.doFilter(ApplicationFilterChain.java:207)
	at org.springframework.boot.actuate.autoconfigure.EndpointWebMvcAutoConfiguration$ApplicationContextHeaderFilter.doFilterInternal(EndpointWebMvcAutoConfiguration.java:261)
	at org.springframework.web.filter.OncePerRequestFilter.doFilter(OncePerRequestFilter.java:107)
	at org.apache.catalina.core.ApplicationFilterChain.internalDoFilter(ApplicationFilterChain.java:240)
	at org.apache.catalina.core.ApplicationFilterChain.doFilter(ApplicationFilterChain.java:207)
	at org.springframework.boot.actuate.trace.WebRequestTraceFilter.doFilterInternal(WebRequestTraceFilter.java:115)
	at org.springframework.web.filter.OncePerRequestFilter.doFilter(OncePerRequestFilter.java:107)
	at org.apache.catalina.core.ApplicationFilterChain.internalDoFilter(ApplicationFilterChain.java:240)
	at org.apache.catalina.core.ApplicationFilterChain.doFilter(ApplicationFilterChain.java:207)
	at org.grails.web.servlet.mvc.GrailsWebRequestFilter.doFilterInternal(GrailsWebRequestFilter.java:75)
	at org.springframework.web.filter.OncePerRequestFilter.doFilter(OncePerRequestFilter.java:107)
	at org.apache.catalina.core.ApplicationFilterChain.internalDoFilter(ApplicationFilterChain.java:240)
	at org.apache.catalina.core.ApplicationFilterChain.doFilter(ApplicationFilterChain.java:207)
	at org.grails.web.filters.HiddenHttpMethodFilter.doFilterInternal(HiddenHttpMethodFilter.java:67)
	at org.springframework.web.filter.OncePerRequestFilter.doFilter(OncePerRequestFilter.java:107)
	at org.apache.catalina.core.ApplicationFilterChain.internalDoFilter(ApplicationFilterChain.java:240)
	at org.apache.catalina.core.ApplicationFilterChain.doFilter(ApplicationFilterChain.java:207)
	at org.springframework.web.filter.CharacterEncodingFilter.doFilterInternal(CharacterEncodingFilter.java:121)
	at org.springframework.web.filter.OncePerRequestFilter.doFilter(OncePerRequestFilter.java:107)
	at org.apache.catalina.core.ApplicationFilterChain.internalDoFilter(ApplicationFilterChain.java:240)
	at org.apache.catalina.core.ApplicationFilterChain.doFilter(ApplicationFilterChain.java:207)
	at org.springframework.boot.actuate.autoconfigure.MetricsFilter.doFilterInternal(MetricsFilter.java:103)
	at org.springframework.web.filter.OncePerRequestFilter.doFilter(OncePerRequestFilter.java:107)
	at org.apache.catalina.core.ApplicationFilterChain.internalDoFilter(ApplicationFilterChain.java:240)
	at org.apache.catalina.core.ApplicationFilterChain.doFilter(ApplicationFilterChain.java:207)
	at org.apache.catalina.core.StandardWrapperValve.invoke(StandardWrapperValve.java:212)
	at org.apache.catalina.core.StandardContextValve.invoke(StandardContextValve.java:106)
	at org.apache.catalina.authenticator.AuthenticatorBase.invoke(AuthenticatorBase.java:502)
	at org.apache.catalina.core.StandardHostValve.invoke(StandardHostValve.java:141)
	at org.apache.catalina.valves.ErrorReportValve.invoke(ErrorReportValve.java:79)
	at org.apache.catalina.core.StandardEngineValve.invoke(StandardEngineValve.java:88)
	at org.apache.catalina.connector.CoyoteAdapter.service(CoyoteAdapter.java:522)
	at org.apache.coyote.http11.AbstractHttp11Processor.process(AbstractHttp11Processor.java:1095)
	at org.apache.coyote.AbstractProtocol$AbstractConnectionHandler.process(AbstractProtocol.java:672)
	at org.apache.tomcat.util.net.NioEndpoint$SocketProcessor.doRun(NioEndpoint.java:1502)
	at org.apache.tomcat.util.net.NioEndpoint$SocketProcessor.run(NioEndpoint.java:1458)
	at java.util.concurrent.ThreadPoolExecutor.runWorker(ThreadPoolExecutor.java:1142)
	at java.util.concurrent.ThreadPoolExecutor$Worker.run(ThreadPoolExecutor.java:617)
	at org.apache.tomcat.util.threads.TaskThread$WrappingRunnable.run(TaskThread.java:61)
	at java.lang.Thread.run(Thread.java:745)
ERROR StackTrace - Full Stack Trace:
java.lang.reflect.InvocationTargetException: null
	at java.util.concurrent.ThreadPoolExecutor.runWorker(ThreadPoolExecutor.java:1142)
	at java.util.concurrent.ThreadPoolExecutor$Worker.run(ThreadPoolExecutor.java:617)
	at java.lang.Thread.run(Thread.java:745)
Caused by: java.sql.SQLException: [SQLITE_ERROR] SQL error or missing database (no such table: [)
	at org.sqlite.core.DB.newSQLException(DB.java:890)
	at org.sqlite.core.DB.newSQLException(DB.java:901)
	at org.sqlite.core.DB.throwex(DB.java:868)
	at org.sqlite.core.DB.prepare(DB.java:211)
	at org.sqlite.jdbc3.JDBC3Statement.executeQuery(JDBC3Statement.java:81)
	at prni.InitController$_metadata_closure1.doCall(InitController.groovy:23)
	at prni.InitController.metadata(InitController.groovy:20)
	at prni.InitController.index(InitController.groovy:9)
	... 3 common frames omitted
ERROR StackTrace - Full Stack Trace:
java.lang.reflect.InvocationTargetException: null
	at sun.reflect.NativeMethodAccessorImpl.invoke0(Native Method)
	at sun.reflect.NativeMethodAccessorImpl.invoke(NativeMethodAccessorImpl.java:62)
	at sun.reflect.DelegatingMethodAccessorImpl.invoke(DelegatingMethodAccessorImpl.java:43)
	at java.lang.reflect.Method.invoke(Method.java:498)
	at org.springsource.loaded.ri.ReloadedTypeInvoker$2.invoke(ReloadedTypeInvoker.java:133)
	at org.springsource.loaded.ri.ReflectiveInterceptor.jlrMethodInvoke(ReflectiveInterceptor.java:1461)
	at org.grails.core.DefaultGrailsControllerClass$ReflectionInvoker.invoke(DefaultGrailsControllerClass.java:210)
	at org.grails.core.DefaultGrailsControllerClass.invoke(DefaultGrailsControllerClass.java:187)
	at org.grails.web.mapping.mvc.UrlMappingsInfoHandlerAdapter.handle(UrlMappingsInfoHandlerAdapter.groovy:89)
	at org.springframework.web.servlet.DispatcherServlet.doDispatch(DispatcherServlet.java:961)
	at org.springframework.web.servlet.DispatcherServlet.doService(DispatcherServlet.java:895)
	at org.springframework.web.servlet.FrameworkServlet.processRequest(FrameworkServlet.java:967)
	at org.springframework.web.servlet.FrameworkServlet.doGet(FrameworkServlet.java:858)
	at javax.servlet.http.HttpServlet.service(HttpServlet.java:622)
	at org.springframework.web.servlet.FrameworkServlet.service(FrameworkServlet.java:843)
	at javax.servlet.http.HttpServlet.service(HttpServlet.java:729)
	at org.apache.catalina.core.ApplicationFilterChain.internalDoFilter(ApplicationFilterChain.java:292)
	at org.apache.catalina.core.ApplicationFilterChain.doFilter(ApplicationFilterChain.java:207)
	at org.apache.tomcat.websocket.server.WsFilter.doFilter(WsFilter.java:52)
	at org.apache.catalina.core.ApplicationFilterChain.internalDoFilter(ApplicationFilterChain.java:240)
	at org.apache.catalina.core.ApplicationFilterChain.doFilter(ApplicationFilterChain.java:207)
	at org.springframework.boot.actuate.autoconfigure.EndpointWebMvcAutoConfiguration$ApplicationContextHeaderFilter.doFilterInternal(EndpointWebMvcAutoConfiguration.java:261)
	at org.springframework.web.filter.OncePerRequestFilter.doFilter(OncePerRequestFilter.java:107)
	at org.apache.catalina.core.ApplicationFilterChain.internalDoFilter(ApplicationFilterChain.java:240)
	at org.apache.catalina.core.ApplicationFilterChain.doFilter(ApplicationFilterChain.java:207)
	at org.springframework.boot.actuate.trace.WebRequestTraceFilter.doFilterInternal(WebRequestTraceFilter.java:115)
	at org.springframework.web.filter.OncePerRequestFilter.doFilter(OncePerRequestFilter.java:107)
	at org.apache.catalina.core.ApplicationFilterChain.internalDoFilter(ApplicationFilterChain.java:240)
	at org.apache.catalina.core.ApplicationFilterChain.doFilter(ApplicationFilterChain.java:207)
	at org.grails.web.servlet.mvc.GrailsWebRequestFilter.doFilterInternal(GrailsWebRequestFilter.java:75)
	at org.springframework.web.filter.OncePerRequestFilter.doFilter(OncePerRequestFilter.java:107)
	at org.apache.catalina.core.ApplicationFilterChain.internalDoFilter(ApplicationFilterChain.java:240)
	at org.apache.catalina.core.ApplicationFilterChain.doFilter(ApplicationFilterChain.java:207)
	at org.grails.web.filters.HiddenHttpMethodFilter.doFilterInternal(HiddenHttpMethodFilter.java:67)
	at org.springframework.web.filter.OncePerRequestFilter.doFilter(OncePerRequestFilter.java:107)
	at org.apache.catalina.core.ApplicationFilterChain.internalDoFilter(ApplicationFilterChain.java:240)
	at org.apache.catalina.core.ApplicationFilterChain.doFilter(ApplicationFilterChain.java:207)
	at org.springframework.web.filter.CharacterEncodingFilter.doFilterInternal(CharacterEncodingFilter.java:121)
	at org.springframework.web.filter.OncePerRequestFilter.doFilter(OncePerRequestFilter.java:107)
	at org.apache.catalina.core.ApplicationFilterChain.internalDoFilter(ApplicationFilterChain.java:240)
	at org.apache.catalina.core.ApplicationFilterChain.doFilter(ApplicationFilterChain.java:207)
	at org.springframework.boot.actuate.autoconfigure.MetricsFilter.doFilterInternal(MetricsFilter.java:103)
	at org.springframework.web.filter.OncePerRequestFilter.doFilter(OncePerRequestFilter.java:107)
	at org.apache.catalina.core.ApplicationFilterChain.internalDoFilter(ApplicationFilterChain.java:240)
	at org.apache.catalina.core.ApplicationFilterChain.doFilter(ApplicationFilterChain.java:207)
	at org.apache.catalina.core.StandardWrapperValve.invoke(StandardWrapperValve.java:212)
	at org.apache.catalina.core.StandardContextValve.invoke(StandardContextValve.java:106)
	at org.apache.catalina.authenticator.AuthenticatorBase.invoke(AuthenticatorBase.java:502)
	at org.apache.catalina.core.StandardHostValve.invoke(StandardHostValve.java:141)
	at org.apache.catalina.valves.ErrorReportValve.invoke(ErrorReportValve.java:79)
	at org.apache.catalina.core.StandardEngineValve.invoke(StandardEngineValve.java:88)
	at org.apache.catalina.connector.CoyoteAdapter.service(CoyoteAdapter.java:522)
	at org.apache.coyote.http11.AbstractHttp11Processor.process(AbstractHttp11Processor.java:1095)
	at org.apache.coyote.AbstractProtocol$AbstractConnectionHandler.process(AbstractProtocol.java:672)
	at org.apache.tomcat.util.net.NioEndpoint$SocketProcessor.doRun(NioEndpoint.java:1502)
	at org.apache.tomcat.util.net.NioEndpoint$SocketProcessor.run(NioEndpoint.java:1458)
	at java.util.concurrent.ThreadPoolExecutor.runWorker(ThreadPoolExecutor.java:1142)
	at java.util.concurrent.ThreadPoolExecutor$Worker.run(ThreadPoolExecutor.java:617)
	at org.apache.tomcat.util.threads.TaskThread$WrappingRunnable.run(TaskThread.java:61)
	at java.lang.Thread.run(Thread.java:745)
Caused by: org.springframework.orm.hibernate4.HibernateQueryException: unexpected AST node: query [DELETE prni.Metadata metadata WHERE ()]; nested exception is org.hibernate.hql.internal.ast.QuerySyntaxException: unexpected AST node: query [DELETE prni.Metadata metadata WHERE ()]
	at org.springframework.orm.hibernate4.SessionFactoryUtils.convertHibernateAccessException(SessionFactoryUtils.java:175)
	at org.grails.orm.hibernate.GrailsHibernateTemplate.convertHibernateAccessException(GrailsHibernateTemplate.java:614)
	at org.grails.orm.hibernate.GrailsHibernateTemplate.doExecute(GrailsHibernateTemplate.java:200)
	at org.grails.orm.hibernate.GrailsHibernateTemplate.execute(GrailsHibernateTemplate.java:140)
	at org.grails.orm.hibernate.HibernateSession.deleteAll(HibernateSession.java:85)
	at org.grails.datastore.mapping.core.Session$deleteAll.call(Unknown Source)
	at org.codehaus.groovy.runtime.callsite.CallSiteArray.defaultCall(CallSiteArray.java:48)
	at org.codehaus.groovy.runtime.callsite.AbstractCallSite.call(AbstractCallSite.java:113)
	at org.codehaus.groovy.runtime.callsite.AbstractCallSite.call(AbstractCallSite.java:125)
	at grails.gorm.DetachedCriteria$_deleteAll_closure7.doCall(DetachedCriteria.groovy:944)
	at sun.reflect.NativeMethodAccessorImpl.invoke0(Native Method)
	at sun.reflect.NativeMethodAccessorImpl.invoke(NativeMethodAccessorImpl.java:62)
	at sun.reflect.DelegatingMethodAccessorImpl.invoke(DelegatingMethodAccessorImpl.java:43)
	at java.lang.reflect.Method.invoke(Method.java:498)
	at org.springsource.loaded.ri.ReflectiveInterceptor.jlrMethodInvoke(ReflectiveInterceptor.java:1432)
	at org.codehaus.groovy.reflection.CachedMethod.invoke(CachedMethod.java:93)
	at groovy.lang.MetaMethod.doMethodInvoke(MetaMethod.java:325)
	at org.codehaus.groovy.runtime.metaclass.ClosureMetaClass.invokeMethod(ClosureMetaClass.java:294)
	at groovy.lang.MetaClassImpl.invokeMethod(MetaClassImpl.java:1024)
	at groovy.lang.Closure.call(Closure.java:414)
	at groovy.lang.Closure.call(Closure.java:430)
	at org.grails.datastore.gorm.GormStaticApi$_withDatastoreSession_closure23.doCall(GormStaticApi.groovy:736)
	at sun.reflect.NativeMethodAccessorImpl.invoke0(Native Method)
	at sun.reflect.NativeMethodAccessorImpl.invoke(NativeMethodAccessorImpl.java:62)
	at sun.reflect.DelegatingMethodAccessorImpl.invoke(DelegatingMethodAccessorImpl.java:43)
	at java.lang.reflect.Method.invoke(Method.java:498)
	at org.springsource.loaded.ri.ReflectiveInterceptor.jlrMethodInvoke(ReflectiveInterceptor.java:1432)
	at org.codehaus.groovy.reflection.CachedMethod.invoke(CachedMethod.java:93)
	at groovy.lang.MetaMethod.doMethodInvoke(MetaMethod.java:325)
	at org.codehaus.groovy.runtime.metaclass.ClosureMetaClass.invokeMethod(ClosureMetaClass.java:294)
	at groovy.lang.MetaClassImpl.invokeMethod(MetaClassImpl.java:1024)
	at groovy.lang.Closure.call(Closure.java:414)
	at org.codehaus.groovy.runtime.ConvertedClosure.invokeCustom(ConvertedClosure.java:54)
	at org.codehaus.groovy.runtime.ConversionHandler.invoke(ConversionHandler.java:124)
	at com.sun.proxy.$Proxy89.doInSession(Unknown Source)
	at org.grails.datastore.mapping.core.DatastoreUtils.execute(DatastoreUtils.java:310)
	at org.grails.datastore.gorm.AbstractDatastoreApi.execute(AbstractDatastoreApi.groovy:37)
	at org.grails.datastore.gorm.GormStaticApi.withDatastoreSession(GormStaticApi.groovy:735)
	at org.grails.datastore.gorm.GormEntity$Trait$Helper.withDatastoreSession(GormEntity.groovy:895)
	at org.grails.datastore.gorm.GormEntity$Trait$Helper$withDatastoreSession$7.call(Unknown Source)
	at org.codehaus.groovy.runtime.callsite.CallSiteArray.defaultCall(CallSiteArray.java:48)
	at org.codehaus.groovy.runtime.callsite.AbstractCallSite.call(AbstractCallSite.java:113)
	at org.codehaus.groovy.runtime.callsite.AbstractCallSite.call(AbstractCallSite.java:133)
	at prni.Metadata.withDatastoreSession(Metadata.groovy)
	at prni.Metadata$withDatastoreSession$8.call(Unknown Source)
	at org.codehaus.groovy.runtime.callsite.CallSiteArray.defaultCall(CallSiteArray.java:48)
	at org.codehaus.groovy.runtime.callsite.AbstractCallSite.call(AbstractCallSite.java:113)
	at org.codehaus.groovy.runtime.callsite.AbstractCallSite.call(AbstractCallSite.java:125)
	at grails.gorm.DetachedCriteria.deleteAll(DetachedCriteria.groovy:943)
	at org.grails.datastore.gorm.query.GormOperations$deleteAll.call(Unknown Source)
	at org.codehaus.groovy.runtime.callsite.CallSiteArray.defaultCall(CallSiteArray.java:48)
	at org.codehaus.groovy.runtime.callsite.AbstractCallSite.call(AbstractCallSite.java:113)
	at org.codehaus.groovy.runtime.callsite.AbstractCallSite.call(AbstractCallSite.java:117)
	at prni.InitController$$EPqu0Req.metadata(InitController.groovy:17)
	at prni.InitController$$DPqu0Req.metadata(Unknown Source)
	at prni.InitController.metadata(InitController.groovy)
	at prni.InitController$$EPqu0Req.index(InitController.groovy:9)
	... 60 common frames omitted
Caused by: org.hibernate.hql.internal.ast.QuerySyntaxException: unexpected AST node: query [DELETE prni.Metadata metadata WHERE ()]
	at org.hibernate.hql.internal.ast.QuerySyntaxException.convert(QuerySyntaxException.java:91)
	at org.hibernate.hql.internal.ast.ErrorCounter.throwQueryException(ErrorCounter.java:109)
	at org.hibernate.hql.internal.ast.QueryTranslatorImpl.analyze(QueryTranslatorImpl.java:284)
	at org.hibernate.hql.internal.ast.QueryTranslatorImpl.doCompile(QueryTranslatorImpl.java:206)
	at org.hibernate.hql.internal.ast.QueryTranslatorImpl.compile(QueryTranslatorImpl.java:158)
	at org.hibernate.engine.query.spi.HQLQueryPlan.<init>(HQLQueryPlan.java:131)
	at org.hibernate.engine.query.spi.HQLQueryPlan.<init>(HQLQueryPlan.java:93)
	at org.hibernate.engine.query.spi.QueryPlanCache.getHQLQueryPlan(QueryPlanCache.java:167)
	at org.hibernate.internal.AbstractSessionImpl.getHQLQueryPlan(AbstractSessionImpl.java:301)
	at org.hibernate.internal.AbstractSessionImpl.createQuery(AbstractSessionImpl.java:236)
	at org.hibernate.internal.SessionImpl.createQuery(SessionImpl.java:1836)
	at org.grails.orm.hibernate.HibernateSession$1.doInHibernate(HibernateSession.java:91)
	at org.grails.orm.hibernate.HibernateSession$1.doInHibernate(HibernateSession.java:85)
	at org.grails.orm.hibernate.GrailsHibernateTemplate.doExecute(GrailsHibernateTemplate.java:196)
	... 114 common frames omitted
ERROR StackTrace - Full Stack Trace:
org.springframework.orm.hibernate4.HibernateQueryException: unexpected AST node: query [DELETE prni.Metadata metadata WHERE ()]; nested exception is org.hibernate.hql.internal.ast.QuerySyntaxException: unexpected AST node: query [DELETE prni.Metadata metadata WHERE ()]
	at org.springframework.orm.hibernate4.SessionFactoryUtils.convertHibernateAccessException(SessionFactoryUtils.java:175)
	at org.grails.orm.hibernate.GrailsHibernateTemplate.convertHibernateAccessException(GrailsHibernateTemplate.java:614)
	at org.grails.orm.hibernate.GrailsHibernateTemplate.doExecute(GrailsHibernateTemplate.java:200)
	at org.grails.orm.hibernate.GrailsHibernateTemplate.execute(GrailsHibernateTemplate.java:140)
	at org.grails.orm.hibernate.HibernateSession.deleteAll(HibernateSession.java:85)
	at org.grails.datastore.mapping.core.Session$deleteAll.call(Unknown Source)
	at org.codehaus.groovy.runtime.callsite.CallSiteArray.defaultCall(CallSiteArray.java:48)
	at org.codehaus.groovy.runtime.callsite.AbstractCallSite.call(AbstractCallSite.java:113)
	at org.codehaus.groovy.runtime.callsite.AbstractCallSite.call(AbstractCallSite.java:125)
	at grails.gorm.DetachedCriteria$_deleteAll_closure7.doCall(DetachedCriteria.groovy:944)
	at sun.reflect.NativeMethodAccessorImpl.invoke0(Native Method)
	at sun.reflect.NativeMethodAccessorImpl.invoke(NativeMethodAccessorImpl.java:62)
	at sun.reflect.DelegatingMethodAccessorImpl.invoke(DelegatingMethodAccessorImpl.java:43)
	at java.lang.reflect.Method.invoke(Method.java:498)
	at org.springsource.loaded.ri.ReflectiveInterceptor.jlrMethodInvoke(ReflectiveInterceptor.java:1432)
	at org.codehaus.groovy.reflection.CachedMethod.invoke(CachedMethod.java:93)
	at groovy.lang.MetaMethod.doMethodInvoke(MetaMethod.java:325)
	at org.codehaus.groovy.runtime.metaclass.ClosureMetaClass.invokeMethod(ClosureMetaClass.java:294)
	at groovy.lang.MetaClassImpl.invokeMethod(MetaClassImpl.java:1024)
	at groovy.lang.Closure.call(Closure.java:414)
	at groovy.lang.Closure.call(Closure.java:430)
	at org.grails.datastore.gorm.GormStaticApi$_withDatastoreSession_closure23.doCall(GormStaticApi.groovy:736)
	at sun.reflect.NativeMethodAccessorImpl.invoke0(Native Method)
	at sun.reflect.NativeMethodAccessorImpl.invoke(NativeMethodAccessorImpl.java:62)
	at sun.reflect.DelegatingMethodAccessorImpl.invoke(DelegatingMethodAccessorImpl.java:43)
	at java.lang.reflect.Method.invoke(Method.java:498)
	at org.springsource.loaded.ri.ReflectiveInterceptor.jlrMethodInvoke(ReflectiveInterceptor.java:1432)
	at org.codehaus.groovy.reflection.CachedMethod.invoke(CachedMethod.java:93)
	at groovy.lang.MetaMethod.doMethodInvoke(MetaMethod.java:325)
	at org.codehaus.groovy.runtime.metaclass.ClosureMetaClass.invokeMethod(ClosureMetaClass.java:294)
	at groovy.lang.MetaClassImpl.invokeMethod(MetaClassImpl.java:1024)
	at groovy.lang.Closure.call(Closure.java:414)
	at org.codehaus.groovy.runtime.ConvertedClosure.invokeCustom(ConvertedClosure.java:54)
	at org.codehaus.groovy.runtime.ConversionHandler.invoke(ConversionHandler.java:124)
	at com.sun.proxy.$Proxy89.doInSession(Unknown Source)
	at org.grails.datastore.mapping.core.DatastoreUtils.execute(DatastoreUtils.java:310)
	at org.grails.datastore.gorm.AbstractDatastoreApi.execute(AbstractDatastoreApi.groovy:37)
	at org.grails.datastore.gorm.GormStaticApi.withDatastoreSession(GormStaticApi.groovy:735)
	at org.grails.datastore.gorm.GormEntity$Trait$Helper.withDatastoreSession(GormEntity.groovy:895)
	at org.grails.datastore.gorm.GormEntity$Trait$Helper$withDatastoreSession$7.call(Unknown Source)
	at org.codehaus.groovy.runtime.callsite.CallSiteArray.defaultCall(CallSiteArray.java:48)
	at org.codehaus.groovy.runtime.callsite.AbstractCallSite.call(AbstractCallSite.java:113)
	at org.codehaus.groovy.runtime.callsite.AbstractCallSite.call(AbstractCallSite.java:133)
	at prni.Metadata.withDatastoreSession(Metadata.groovy)
	at prni.Metadata$withDatastoreSession$8.call(Unknown Source)
	at org.codehaus.groovy.runtime.callsite.CallSiteArray.defaultCall(CallSiteArray.java:48)
	at org.codehaus.groovy.runtime.callsite.AbstractCallSite.call(AbstractCallSite.java:113)
	at org.codehaus.groovy.runtime.callsite.AbstractCallSite.call(AbstractCallSite.java:125)
	at grails.gorm.DetachedCriteria.deleteAll(DetachedCriteria.groovy:943)
	at org.grails.datastore.gorm.query.GormOperations$deleteAll.call(Unknown Source)
	at org.codehaus.groovy.runtime.callsite.CallSiteArray.defaultCall(CallSiteArray.java:48)
	at org.codehaus.groovy.runtime.callsite.AbstractCallSite.call(AbstractCallSite.java:113)
	at org.codehaus.groovy.runtime.callsite.AbstractCallSite.call(AbstractCallSite.java:117)
	at prni.InitController$$EPqu0Req.metadata(InitController.groovy:17)
	at prni.InitController$$DPqu0Req.metadata(Unknown Source)
	at prni.InitController.metadata(InitController.groovy)
	at prni.InitController$$EPqu0Req.index(InitController.groovy:9)
	at sun.reflect.NativeMethodAccessorImpl.invoke0(Native Method)
	at sun.reflect.NativeMethodAccessorImpl.invoke(NativeMethodAccessorImpl.java:62)
	at sun.reflect.DelegatingMethodAccessorImpl.invoke(DelegatingMethodAccessorImpl.java:43)
	at java.lang.reflect.Method.invoke(Method.java:498)
	at org.springsource.loaded.ri.ReloadedTypeInvoker$2.invoke(ReloadedTypeInvoker.java:133)
	at org.springsource.loaded.ri.ReflectiveInterceptor.jlrMethodInvoke(ReflectiveInterceptor.java:1461)
	at org.grails.core.DefaultGrailsControllerClass$ReflectionInvoker.invoke(DefaultGrailsControllerClass.java:210)
	at org.grails.core.DefaultGrailsControllerClass.invoke(DefaultGrailsControllerClass.java:187)
	at org.grails.web.mapping.mvc.UrlMappingsInfoHandlerAdapter.handle(UrlMappingsInfoHandlerAdapter.groovy:89)
	at org.springframework.web.servlet.DispatcherServlet.doDispatch(DispatcherServlet.java:961)
	at org.springframework.web.servlet.DispatcherServlet.doService(DispatcherServlet.java:895)
	at org.springframework.web.servlet.FrameworkServlet.processRequest(FrameworkServlet.java:967)
	at org.springframework.web.servlet.FrameworkServlet.doGet(FrameworkServlet.java:858)
	at javax.servlet.http.HttpServlet.service(HttpServlet.java:622)
	at org.springframework.web.servlet.FrameworkServlet.service(FrameworkServlet.java:843)
	at javax.servlet.http.HttpServlet.service(HttpServlet.java:729)
	at org.apache.catalina.core.ApplicationFilterChain.internalDoFilter(ApplicationFilterChain.java:292)
	at org.apache.catalina.core.ApplicationFilterChain.doFilter(ApplicationFilterChain.java:207)
	at org.apache.tomcat.websocket.server.WsFilter.doFilter(WsFilter.java:52)
	at org.apache.catalina.core.ApplicationFilterChain.internalDoFilter(ApplicationFilterChain.java:240)
	at org.apache.catalina.core.ApplicationFilterChain.doFilter(ApplicationFilterChain.java:207)
	at org.springframework.boot.actuate.autoconfigure.EndpointWebMvcAutoConfiguration$ApplicationContextHeaderFilter.doFilterInternal(EndpointWebMvcAutoConfiguration.java:261)
	at org.springframework.web.filter.OncePerRequestFilter.doFilter(OncePerRequestFilter.java:107)
	at org.apache.catalina.core.ApplicationFilterChain.internalDoFilter(ApplicationFilterChain.java:240)
	at org.apache.catalina.core.ApplicationFilterChain.doFilter(ApplicationFilterChain.java:207)
	at org.springframework.boot.actuate.trace.WebRequestTraceFilter.doFilterInternal(WebRequestTraceFilter.java:115)
	at org.springframework.web.filter.OncePerRequestFilter.doFilter(OncePerRequestFilter.java:107)
	at org.apache.catalina.core.ApplicationFilterChain.internalDoFilter(ApplicationFilterChain.java:240)
	at org.apache.catalina.core.ApplicationFilterChain.doFilter(ApplicationFilterChain.java:207)
	at org.grails.web.servlet.mvc.GrailsWebRequestFilter.doFilterInternal(GrailsWebRequestFilter.java:75)
	at org.springframework.web.filter.OncePerRequestFilter.doFilter(OncePerRequestFilter.java:107)
	at org.apache.catalina.core.ApplicationFilterChain.internalDoFilter(ApplicationFilterChain.java:240)
	at org.apache.catalina.core.ApplicationFilterChain.doFilter(ApplicationFilterChain.java:207)
	at org.grails.web.filters.HiddenHttpMethodFilter.doFilterInternal(HiddenHttpMethodFilter.java:67)
	at org.springframework.web.filter.OncePerRequestFilter.doFilter(OncePerRequestFilter.java:107)
	at org.apache.catalina.core.ApplicationFilterChain.internalDoFilter(ApplicationFilterChain.java:240)
	at org.apache.catalina.core.ApplicationFilterChain.doFilter(ApplicationFilterChain.java:207)
	at org.springframework.web.filter.CharacterEncodingFilter.doFilterInternal(CharacterEncodingFilter.java:121)
	at org.springframework.web.filter.OncePerRequestFilter.doFilter(OncePerRequestFilter.java:107)
	at org.apache.catalina.core.ApplicationFilterChain.internalDoFilter(ApplicationFilterChain.java:240)
	at org.apache.catalina.core.ApplicationFilterChain.doFilter(ApplicationFilterChain.java:207)
	at org.springframework.boot.actuate.autoconfigure.MetricsFilter.doFilterInternal(MetricsFilter.java:103)
	at org.springframework.web.filter.OncePerRequestFilter.doFilter(OncePerRequestFilter.java:107)
	at org.apache.catalina.core.ApplicationFilterChain.internalDoFilter(ApplicationFilterChain.java:240)
	at org.apache.catalina.core.ApplicationFilterChain.doFilter(ApplicationFilterChain.java:207)
	at org.apache.catalina.core.StandardWrapperValve.invoke(StandardWrapperValve.java:212)
	at org.apache.catalina.core.StandardContextValve.invoke(StandardContextValve.java:106)
	at org.apache.catalina.authenticator.AuthenticatorBase.invoke(AuthenticatorBase.java:502)
	at org.apache.catalina.core.StandardHostValve.invoke(StandardHostValve.java:141)
	at org.apache.catalina.valves.ErrorReportValve.invoke(ErrorReportValve.java:79)
	at org.apache.catalina.core.StandardEngineValve.invoke(StandardEngineValve.java:88)
	at org.apache.catalina.connector.CoyoteAdapter.service(CoyoteAdapter.java:522)
	at org.apache.coyote.http11.AbstractHttp11Processor.process(AbstractHttp11Processor.java:1095)
	at org.apache.coyote.AbstractProtocol$AbstractConnectionHandler.process(AbstractProtocol.java:672)
	at org.apache.tomcat.util.net.NioEndpoint$SocketProcessor.doRun(NioEndpoint.java:1502)
	at org.apache.tomcat.util.net.NioEndpoint$SocketProcessor.run(NioEndpoint.java:1458)
	at java.util.concurrent.ThreadPoolExecutor.runWorker(ThreadPoolExecutor.java:1142)
	at java.util.concurrent.ThreadPoolExecutor$Worker.run(ThreadPoolExecutor.java:617)
	at org.apache.tomcat.util.threads.TaskThread$WrappingRunnable.run(TaskThread.java:61)
	at java.lang.Thread.run(Thread.java:745)
Caused by: org.hibernate.hql.internal.ast.QuerySyntaxException: unexpected AST node: query [DELETE prni.Metadata metadata WHERE ()]
	at org.hibernate.hql.internal.ast.QuerySyntaxException.convert(QuerySyntaxException.java:91)
	at org.hibernate.hql.internal.ast.ErrorCounter.throwQueryException(ErrorCounter.java:109)
	at org.hibernate.hql.internal.ast.QueryTranslatorImpl.analyze(QueryTranslatorImpl.java:284)
	at org.hibernate.hql.internal.ast.QueryTranslatorImpl.doCompile(QueryTranslatorImpl.java:206)
	at org.hibernate.hql.internal.ast.QueryTranslatorImpl.compile(QueryTranslatorImpl.java:158)
	at org.hibernate.engine.query.spi.HQLQueryPlan.<init>(HQLQueryPlan.java:131)
	at org.hibernate.engine.query.spi.HQLQueryPlan.<init>(HQLQueryPlan.java:93)
	at org.hibernate.engine.query.spi.QueryPlanCache.getHQLQueryPlan(QueryPlanCache.java:167)
	at org.hibernate.internal.AbstractSessionImpl.getHQLQueryPlan(AbstractSessionImpl.java:301)
	at org.hibernate.internal.AbstractSessionImpl.createQuery(AbstractSessionImpl.java:236)
	at org.hibernate.internal.SessionImpl.createQuery(SessionImpl.java:1836)
	at org.grails.orm.hibernate.HibernateSession$1.doInHibernate(HibernateSession.java:91)
	at org.grails.orm.hibernate.HibernateSession$1.doInHibernate(HibernateSession.java:85)
	at org.grails.orm.hibernate.GrailsHibernateTemplate.doExecute(GrailsHibernateTemplate.java:196)
	... 114 common frames omitted
ERROR StackTrace - Full Stack Trace:
org.hibernate.hql.internal.ast.QuerySyntaxException: unexpected AST node: query [DELETE prni.Metadata metadata WHERE ()]
	at org.hibernate.hql.internal.ast.QuerySyntaxException.convert(QuerySyntaxException.java:91)
	at org.hibernate.hql.internal.ast.ErrorCounter.throwQueryException(ErrorCounter.java:109)
	at org.hibernate.hql.internal.ast.QueryTranslatorImpl.analyze(QueryTranslatorImpl.java:284)
	at org.hibernate.hql.internal.ast.QueryTranslatorImpl.doCompile(QueryTranslatorImpl.java:206)
	at org.hibernate.hql.internal.ast.QueryTranslatorImpl.compile(QueryTranslatorImpl.java:158)
	at org.hibernate.engine.query.spi.HQLQueryPlan.<init>(HQLQueryPlan.java:131)
	at org.hibernate.engine.query.spi.HQLQueryPlan.<init>(HQLQueryPlan.java:93)
	at org.hibernate.engine.query.spi.QueryPlanCache.getHQLQueryPlan(QueryPlanCache.java:167)
	at org.hibernate.internal.AbstractSessionImpl.getHQLQueryPlan(AbstractSessionImpl.java:301)
	at org.hibernate.internal.AbstractSessionImpl.createQuery(AbstractSessionImpl.java:236)
	at org.hibernate.internal.SessionImpl.createQuery(SessionImpl.java:1836)
	at org.grails.orm.hibernate.HibernateSession$1.doInHibernate(HibernateSession.java:91)
	at org.grails.orm.hibernate.HibernateSession$1.doInHibernate(HibernateSession.java:85)
	at org.grails.orm.hibernate.GrailsHibernateTemplate.doExecute(GrailsHibernateTemplate.java:196)
	at org.grails.orm.hibernate.GrailsHibernateTemplate.execute(GrailsHibernateTemplate.java:140)
	at org.grails.orm.hibernate.HibernateSession.deleteAll(HibernateSession.java:85)
	at org.grails.datastore.mapping.core.Session$deleteAll.call(Unknown Source)
	at org.codehaus.groovy.runtime.callsite.CallSiteArray.defaultCall(CallSiteArray.java:48)
	at org.codehaus.groovy.runtime.callsite.AbstractCallSite.call(AbstractCallSite.java:113)
	at org.codehaus.groovy.runtime.callsite.AbstractCallSite.call(AbstractCallSite.java:125)
	at grails.gorm.DetachedCriteria$_deleteAll_closure7.doCall(DetachedCriteria.groovy:944)
	at sun.reflect.NativeMethodAccessorImpl.invoke0(Native Method)
	at sun.reflect.NativeMethodAccessorImpl.invoke(NativeMethodAccessorImpl.java:62)
	at sun.reflect.DelegatingMethodAccessorImpl.invoke(DelegatingMethodAccessorImpl.java:43)
	at java.lang.reflect.Method.invoke(Method.java:498)
	at org.springsource.loaded.ri.ReflectiveInterceptor.jlrMethodInvoke(ReflectiveInterceptor.java:1432)
	at org.codehaus.groovy.reflection.CachedMethod.invoke(CachedMethod.java:93)
	at groovy.lang.MetaMethod.doMethodInvoke(MetaMethod.java:325)
	at org.codehaus.groovy.runtime.metaclass.ClosureMetaClass.invokeMethod(ClosureMetaClass.java:294)
	at groovy.lang.MetaClassImpl.invokeMethod(MetaClassImpl.java:1024)
	at groovy.lang.Closure.call(Closure.java:414)
	at groovy.lang.Closure.call(Closure.java:430)
	at org.grails.datastore.gorm.GormStaticApi$_withDatastoreSession_closure23.doCall(GormStaticApi.groovy:736)
	at sun.reflect.NativeMethodAccessorImpl.invoke0(Native Method)
	at sun.reflect.NativeMethodAccessorImpl.invoke(NativeMethodAccessorImpl.java:62)
	at sun.reflect.DelegatingMethodAccessorImpl.invoke(DelegatingMethodAccessorImpl.java:43)
	at java.lang.reflect.Method.invoke(Method.java:498)
	at org.springsource.loaded.ri.ReflectiveInterceptor.jlrMethodInvoke(ReflectiveInterceptor.java:1432)
	at org.codehaus.groovy.reflection.CachedMethod.invoke(CachedMethod.java:93)
	at groovy.lang.MetaMethod.doMethodInvoke(MetaMethod.java:325)
	at org.codehaus.groovy.runtime.metaclass.ClosureMetaClass.invokeMethod(ClosureMetaClass.java:294)
	at groovy.lang.MetaClassImpl.invokeMethod(MetaClassImpl.java:1024)
	at groovy.lang.Closure.call(Closure.java:414)
	at org.codehaus.groovy.runtime.ConvertedClosure.invokeCustom(ConvertedClosure.java:54)
	at org.codehaus.groovy.runtime.ConversionHandler.invoke(ConversionHandler.java:124)
	at com.sun.proxy.$Proxy89.doInSession(Unknown Source)
	at org.grails.datastore.mapping.core.DatastoreUtils.execute(DatastoreUtils.java:310)
	at org.grails.datastore.gorm.AbstractDatastoreApi.execute(AbstractDatastoreApi.groovy:37)
	at org.grails.datastore.gorm.GormStaticApi.withDatastoreSession(GormStaticApi.groovy:735)
	at org.grails.datastore.gorm.GormEntity$Trait$Helper.withDatastoreSession(GormEntity.groovy:895)
	at org.grails.datastore.gorm.GormEntity$Trait$Helper$withDatastoreSession$7.call(Unknown Source)
	at org.codehaus.groovy.runtime.callsite.CallSiteArray.defaultCall(CallSiteArray.java:48)
	at org.codehaus.groovy.runtime.callsite.AbstractCallSite.call(AbstractCallSite.java:113)
	at org.codehaus.groovy.runtime.callsite.AbstractCallSite.call(AbstractCallSite.java:133)
	at prni.Metadata.withDatastoreSession(Metadata.groovy)
	at prni.Metadata$withDatastoreSession$8.call(Unknown Source)
	at org.codehaus.groovy.runtime.callsite.CallSiteArray.defaultCall(CallSiteArray.java:48)
	at org.codehaus.groovy.runtime.callsite.AbstractCallSite.call(AbstractCallSite.java:113)
	at org.codehaus.groovy.runtime.callsite.AbstractCallSite.call(AbstractCallSite.java:125)
	at grails.gorm.DetachedCriteria.deleteAll(DetachedCriteria.groovy:943)
	at org.grails.datastore.gorm.query.GormOperations$deleteAll.call(Unknown Source)
	at org.codehaus.groovy.runtime.callsite.CallSiteArray.defaultCall(CallSiteArray.java:48)
	at org.codehaus.groovy.runtime.callsite.AbstractCallSite.call(AbstractCallSite.java:113)
	at org.codehaus.groovy.runtime.callsite.AbstractCallSite.call(AbstractCallSite.java:117)
	at prni.InitController$$EPqu0Req.metadata(InitController.groovy:17)
	at prni.InitController$$DPqu0Req.metadata(Unknown Source)
	at prni.InitController.metadata(InitController.groovy)
	at prni.InitController$$EPqu0Req.index(InitController.groovy:9)
	at sun.reflect.NativeMethodAccessorImpl.invoke0(Native Method)
	at sun.reflect.NativeMethodAccessorImpl.invoke(NativeMethodAccessorImpl.java:62)
	at sun.reflect.DelegatingMethodAccessorImpl.invoke(DelegatingMethodAccessorImpl.java:43)
	at java.lang.reflect.Method.invoke(Method.java:498)
	at org.springsource.loaded.ri.ReloadedTypeInvoker$2.invoke(ReloadedTypeInvoker.java:133)
	at org.springsource.loaded.ri.ReflectiveInterceptor.jlrMethodInvoke(ReflectiveInterceptor.java:1461)
	at org.grails.core.DefaultGrailsControllerClass$ReflectionInvoker.invoke(DefaultGrailsControllerClass.java:210)
	at org.grails.core.DefaultGrailsControllerClass.invoke(DefaultGrailsControllerClass.java:187)
	at org.grails.web.mapping.mvc.UrlMappingsInfoHandlerAdapter.handle(UrlMappingsInfoHandlerAdapter.groovy:89)
	at org.springframework.web.servlet.DispatcherServlet.doDispatch(DispatcherServlet.java:961)
	at org.springframework.web.servlet.DispatcherServlet.doService(DispatcherServlet.java:895)
	at org.springframework.web.servlet.FrameworkServlet.processRequest(FrameworkServlet.java:967)
	at org.springframework.web.servlet.FrameworkServlet.doGet(FrameworkServlet.java:858)
	at javax.servlet.http.HttpServlet.service(HttpServlet.java:622)
	at org.springframework.web.servlet.FrameworkServlet.service(FrameworkServlet.java:843)
	at javax.servlet.http.HttpServlet.service(HttpServlet.java:729)
	at org.apache.catalina.core.ApplicationFilterChain.internalDoFilter(ApplicationFilterChain.java:292)
	at org.apache.catalina.core.ApplicationFilterChain.doFilter(ApplicationFilterChain.java:207)
	at org.apache.tomcat.websocket.server.WsFilter.doFilter(WsFilter.java:52)
	at org.apache.catalina.core.ApplicationFilterChain.internalDoFilter(ApplicationFilterChain.java:240)
	at org.apache.catalina.core.ApplicationFilterChain.doFilter(ApplicationFilterChain.java:207)
	at org.springframework.boot.actuate.autoconfigure.EndpointWebMvcAutoConfiguration$ApplicationContextHeaderFilter.doFilterInternal(EndpointWebMvcAutoConfiguration.java:261)
	at org.springframework.web.filter.OncePerRequestFilter.doFilter(OncePerRequestFilter.java:107)
	at org.apache.catalina.core.ApplicationFilterChain.internalDoFilter(ApplicationFilterChain.java:240)
	at org.apache.catalina.core.ApplicationFilterChain.doFilter(ApplicationFilterChain.java:207)
	at org.springframework.boot.actuate.trace.WebRequestTraceFilter.doFilterInternal(WebRequestTraceFilter.java:115)
	at org.springframework.web.filter.OncePerRequestFilter.doFilter(OncePerRequestFilter.java:107)
	at org.apache.catalina.core.ApplicationFilterChain.internalDoFilter(ApplicationFilterChain.java:240)
	at org.apache.catalina.core.ApplicationFilterChain.doFilter(ApplicationFilterChain.java:207)
	at org.grails.web.servlet.mvc.GrailsWebRequestFilter.doFilterInternal(GrailsWebRequestFilter.java:75)
	at org.springframework.web.filter.OncePerRequestFilter.doFilter(OncePerRequestFilter.java:107)
	at org.apache.catalina.core.ApplicationFilterChain.internalDoFilter(ApplicationFilterChain.java:240)
	at org.apache.catalina.core.ApplicationFilterChain.doFilter(ApplicationFilterChain.java:207)
	at org.grails.web.filters.HiddenHttpMethodFilter.doFilterInternal(HiddenHttpMethodFilter.java:67)
	at org.springframework.web.filter.OncePerRequestFilter.doFilter(OncePerRequestFilter.java:107)
	at org.apache.catalina.core.ApplicationFilterChain.internalDoFilter(ApplicationFilterChain.java:240)
	at org.apache.catalina.core.ApplicationFilterChain.doFilter(ApplicationFilterChain.java:207)
	at org.springframework.web.filter.CharacterEncodingFilter.doFilterInternal(CharacterEncodingFilter.java:121)
	at org.springframework.web.filter.OncePerRequestFilter.doFilter(OncePerRequestFilter.java:107)
	at org.apache.catalina.core.ApplicationFilterChain.internalDoFilter(ApplicationFilterChain.java:240)
	at org.apache.catalina.core.ApplicationFilterChain.doFilter(ApplicationFilterChain.java:207)
	at org.springframework.boot.actuate.autoconfigure.MetricsFilter.doFilterInternal(MetricsFilter.java:103)
	at org.springframework.web.filter.OncePerRequestFilter.doFilter(OncePerRequestFilter.java:107)
	at org.apache.catalina.core.ApplicationFilterChain.internalDoFilter(ApplicationFilterChain.java:240)
	at org.apache.catalina.core.ApplicationFilterChain.doFilter(ApplicationFilterChain.java:207)
	at org.apache.catalina.core.StandardWrapperValve.invoke(StandardWrapperValve.java:212)
	at org.apache.catalina.core.StandardContextValve.invoke(StandardContextValve.java:106)
	at org.apache.catalina.authenticator.AuthenticatorBase.invoke(AuthenticatorBase.java:502)
	at org.apache.catalina.core.StandardHostValve.invoke(StandardHostValve.java:141)
	at org.apache.catalina.valves.ErrorReportValve.invoke(ErrorReportValve.java:79)
	at org.apache.catalina.core.StandardEngineValve.invoke(StandardEngineValve.java:88)
	at org.apache.catalina.connector.CoyoteAdapter.service(CoyoteAdapter.java:522)
	at org.apache.coyote.http11.AbstractHttp11Processor.process(AbstractHttp11Processor.java:1095)
	at org.apache.coyote.AbstractProtocol$AbstractConnectionHandler.process(AbstractProtocol.java:672)
	at org.apache.tomcat.util.net.NioEndpoint$SocketProcessor.doRun(NioEndpoint.java:1502)
	at org.apache.tomcat.util.net.NioEndpoint$SocketProcessor.run(NioEndpoint.java:1458)
	at java.util.concurrent.ThreadPoolExecutor.runWorker(ThreadPoolExecutor.java:1142)
	at java.util.concurrent.ThreadPoolExecutor$Worker.run(ThreadPoolExecutor.java:617)
	at org.apache.tomcat.util.threads.TaskThread$WrappingRunnable.run(TaskThread.java:61)
	at java.lang.Thread.run(Thread.java:745)
ERROR StackTrace - Full Stack Trace:
java.lang.reflect.InvocationTargetException: null
	at java.util.concurrent.ThreadPoolExecutor.runWorker(ThreadPoolExecutor.java:1142)
	at java.util.concurrent.ThreadPoolExecutor$Worker.run(ThreadPoolExecutor.java:617)
	at java.lang.Thread.run(Thread.java:745)
Caused by: org.springframework.orm.hibernate4.HibernateQueryException: unexpected AST node: query [DELETE prni.Metadata metadata WHERE ()]; nested exception is org.hibernate.hql.internal.ast.QuerySyntaxException: unexpected AST node: query [DELETE prni.Metadata metadata WHERE ()]
	at grails.gorm.DetachedCriteria$_deleteAll_closure7.doCall(DetachedCriteria.groovy:944)
	at grails.gorm.DetachedCriteria.deleteAll(DetachedCriteria.groovy:943)
	at prni.InitController$$EPqu0Req.metadata(InitController.groovy:17)
	at prni.InitController$$EPqu0Req.index(InitController.groovy:9)
	... 3 common frames omitted
Caused by: org.hibernate.hql.internal.ast.QuerySyntaxException: unexpected AST node: query [DELETE prni.Metadata metadata WHERE ()]
	... 7 common frames omitted
ERROR StackTrace - Full Stack Trace:
java.lang.reflect.InvocationTargetException: null
	at sun.reflect.NativeMethodAccessorImpl.invoke0(Native Method)
	at sun.reflect.NativeMethodAccessorImpl.invoke(NativeMethodAccessorImpl.java:62)
	at sun.reflect.DelegatingMethodAccessorImpl.invoke(DelegatingMethodAccessorImpl.java:43)
	at java.lang.reflect.Method.invoke(Method.java:498)
	at org.springsource.loaded.ri.ReloadedTypeInvoker$2.invoke(ReloadedTypeInvoker.java:133)
	at org.springsource.loaded.ri.ReflectiveInterceptor.jlrMethodInvoke(ReflectiveInterceptor.java:1461)
	at org.grails.core.DefaultGrailsControllerClass$ReflectionInvoker.invoke(DefaultGrailsControllerClass.java:210)
	at org.grails.core.DefaultGrailsControllerClass.invoke(DefaultGrailsControllerClass.java:187)
	at org.grails.web.mapping.mvc.UrlMappingsInfoHandlerAdapter.handle(UrlMappingsInfoHandlerAdapter.groovy:89)
	at org.springframework.web.servlet.DispatcherServlet.doDispatch(DispatcherServlet.java:961)
	at org.springframework.web.servlet.DispatcherServlet.doService(DispatcherServlet.java:895)
	at org.springframework.web.servlet.FrameworkServlet.processRequest(FrameworkServlet.java:967)
	at org.springframework.web.servlet.FrameworkServlet.doGet(FrameworkServlet.java:858)
	at javax.servlet.http.HttpServlet.service(HttpServlet.java:622)
	at org.springframework.web.servlet.FrameworkServlet.service(FrameworkServlet.java:843)
	at javax.servlet.http.HttpServlet.service(HttpServlet.java:729)
	at org.apache.catalina.core.ApplicationFilterChain.internalDoFilter(ApplicationFilterChain.java:292)
	at org.apache.catalina.core.ApplicationFilterChain.doFilter(ApplicationFilterChain.java:207)
	at org.apache.tomcat.websocket.server.WsFilter.doFilter(WsFilter.java:52)
	at org.apache.catalina.core.ApplicationFilterChain.internalDoFilter(ApplicationFilterChain.java:240)
	at org.apache.catalina.core.ApplicationFilterChain.doFilter(ApplicationFilterChain.java:207)
	at org.springframework.boot.actuate.autoconfigure.EndpointWebMvcAutoConfiguration$ApplicationContextHeaderFilter.doFilterInternal(EndpointWebMvcAutoConfiguration.java:261)
	at org.springframework.web.filter.OncePerRequestFilter.doFilter(OncePerRequestFilter.java:107)
	at org.apache.catalina.core.ApplicationFilterChain.internalDoFilter(ApplicationFilterChain.java:240)
	at org.apache.catalina.core.ApplicationFilterChain.doFilter(ApplicationFilterChain.java:207)
	at org.springframework.boot.actuate.trace.WebRequestTraceFilter.doFilterInternal(WebRequestTraceFilter.java:115)
	at org.springframework.web.filter.OncePerRequestFilter.doFilter(OncePerRequestFilter.java:107)
	at org.apache.catalina.core.ApplicationFilterChain.internalDoFilter(ApplicationFilterChain.java:240)
	at org.apache.catalina.core.ApplicationFilterChain.doFilter(ApplicationFilterChain.java:207)
	at org.grails.web.servlet.mvc.GrailsWebRequestFilter.doFilterInternal(GrailsWebRequestFilter.java:75)
	at org.springframework.web.filter.OncePerRequestFilter.doFilter(OncePerRequestFilter.java:107)
	at org.apache.catalina.core.ApplicationFilterChain.internalDoFilter(ApplicationFilterChain.java:240)
	at org.apache.catalina.core.ApplicationFilterChain.doFilter(ApplicationFilterChain.java:207)
	at org.grails.web.filters.HiddenHttpMethodFilter.doFilterInternal(HiddenHttpMethodFilter.java:67)
	at org.springframework.web.filter.OncePerRequestFilter.doFilter(OncePerRequestFilter.java:107)
	at org.apache.catalina.core.ApplicationFilterChain.internalDoFilter(ApplicationFilterChain.java:240)
	at org.apache.catalina.core.ApplicationFilterChain.doFilter(ApplicationFilterChain.java:207)
	at org.springframework.web.filter.CharacterEncodingFilter.doFilterInternal(CharacterEncodingFilter.java:121)
	at org.springframework.web.filter.OncePerRequestFilter.doFilter(OncePerRequestFilter.java:107)
	at org.apache.catalina.core.ApplicationFilterChain.internalDoFilter(ApplicationFilterChain.java:240)
	at org.apache.catalina.core.ApplicationFilterChain.doFilter(ApplicationFilterChain.java:207)
	at org.springframework.boot.actuate.autoconfigure.MetricsFilter.doFilterInternal(MetricsFilter.java:103)
	at org.springframework.web.filter.OncePerRequestFilter.doFilter(OncePerRequestFilter.java:107)
	at org.apache.catalina.core.ApplicationFilterChain.internalDoFilter(ApplicationFilterChain.java:240)
	at org.apache.catalina.core.ApplicationFilterChain.doFilter(ApplicationFilterChain.java:207)
	at org.apache.catalina.core.StandardWrapperValve.invoke(StandardWrapperValve.java:212)
	at org.apache.catalina.core.StandardContextValve.invoke(StandardContextValve.java:106)
	at org.apache.catalina.authenticator.AuthenticatorBase.invoke(AuthenticatorBase.java:502)
	at org.apache.catalina.core.StandardHostValve.invoke(StandardHostValve.java:141)
	at org.apache.catalina.valves.ErrorReportValve.invoke(ErrorReportValve.java:79)
	at org.apache.catalina.core.StandardEngineValve.invoke(StandardEngineValve.java:88)
	at org.apache.catalina.connector.CoyoteAdapter.service(CoyoteAdapter.java:522)
	at org.apache.coyote.http11.AbstractHttp11Processor.process(AbstractHttp11Processor.java:1095)
	at org.apache.coyote.AbstractProtocol$AbstractConnectionHandler.process(AbstractProtocol.java:672)
	at org.apache.tomcat.util.net.NioEndpoint$SocketProcessor.doRun(NioEndpoint.java:1502)
	at org.apache.tomcat.util.net.NioEndpoint$SocketProcessor.run(NioEndpoint.java:1458)
	at java.util.concurrent.ThreadPoolExecutor.runWorker(ThreadPoolExecutor.java:1142)
	at java.util.concurrent.ThreadPoolExecutor$Worker.run(ThreadPoolExecutor.java:617)
	at org.apache.tomcat.util.threads.TaskThread$WrappingRunnable.run(TaskThread.java:61)
	at java.lang.Thread.run(Thread.java:745)
Caused by: org.springframework.orm.hibernate4.HibernateQueryException: unexpected AST node: query [DELETE prni.Metadata metadata WHERE ()]; nested exception is org.hibernate.hql.internal.ast.QuerySyntaxException: unexpected AST node: query [DELETE prni.Metadata metadata WHERE ()]
	at org.springframework.orm.hibernate4.SessionFactoryUtils.convertHibernateAccessException(SessionFactoryUtils.java:175)
	at org.grails.orm.hibernate.GrailsHibernateTemplate.convertHibernateAccessException(GrailsHibernateTemplate.java:614)
	at org.grails.orm.hibernate.GrailsHibernateTemplate.doExecute(GrailsHibernateTemplate.java:200)
	at org.grails.orm.hibernate.GrailsHibernateTemplate.execute(GrailsHibernateTemplate.java:140)
	at org.grails.orm.hibernate.HibernateSession.deleteAll(HibernateSession.java:85)
	at org.grails.datastore.mapping.core.Session$deleteAll.call(Unknown Source)
	at grails.gorm.DetachedCriteria$_deleteAll_closure7.doCall(DetachedCriteria.groovy:944)
	at sun.reflect.NativeMethodAccessorImpl.invoke0(Native Method)
	at sun.reflect.NativeMethodAccessorImpl.invoke(NativeMethodAccessorImpl.java:62)
	at sun.reflect.DelegatingMethodAccessorImpl.invoke(DelegatingMethodAccessorImpl.java:43)
	at java.lang.reflect.Method.invoke(Method.java:498)
	at org.springsource.loaded.ri.ReflectiveInterceptor.jlrMethodInvoke(ReflectiveInterceptor.java:1432)
	at org.codehaus.groovy.reflection.CachedMethod.invoke(CachedMethod.java:93)
	at groovy.lang.MetaMethod.doMethodInvoke(MetaMethod.java:325)
	at org.codehaus.groovy.runtime.metaclass.ClosureMetaClass.invokeMethod(ClosureMetaClass.java:294)
	at groovy.lang.MetaClassImpl.invokeMethod(MetaClassImpl.java:1024)
	at groovy.lang.Closure.call(Closure.java:414)
	at groovy.lang.Closure.call(Closure.java:430)
	at org.grails.datastore.gorm.GormStaticApi$_withDatastoreSession_closure23.doCall(GormStaticApi.groovy:736)
	at sun.reflect.NativeMethodAccessorImpl.invoke0(Native Method)
	at sun.reflect.NativeMethodAccessorImpl.invoke(NativeMethodAccessorImpl.java:62)
	at sun.reflect.DelegatingMethodAccessorImpl.invoke(DelegatingMethodAccessorImpl.java:43)
	at java.lang.reflect.Method.invoke(Method.java:498)
	at org.springsource.loaded.ri.ReflectiveInterceptor.jlrMethodInvoke(ReflectiveInterceptor.java:1432)
	at org.codehaus.groovy.reflection.CachedMethod.invoke(CachedMethod.java:93)
	at groovy.lang.MetaMethod.doMethodInvoke(MetaMethod.java:325)
	at org.codehaus.groovy.runtime.metaclass.ClosureMetaClass.invokeMethod(ClosureMetaClass.java:294)
	at groovy.lang.MetaClassImpl.invokeMethod(MetaClassImpl.java:1024)
	at groovy.lang.Closure.call(Closure.java:414)
	at org.codehaus.groovy.runtime.ConvertedClosure.invokeCustom(ConvertedClosure.java:54)
	at org.codehaus.groovy.runtime.ConversionHandler.invoke(ConversionHandler.java:124)
	at com.sun.proxy.$Proxy89.doInSession(Unknown Source)
	at org.grails.datastore.mapping.core.DatastoreUtils.execute(DatastoreUtils.java:310)
	at org.grails.datastore.gorm.AbstractDatastoreApi.execute(AbstractDatastoreApi.groovy:37)
	at org.grails.datastore.gorm.GormStaticApi.withDatastoreSession(GormStaticApi.groovy:735)
	at org.grails.datastore.gorm.GormEntity$Trait$Helper.withDatastoreSession(GormEntity.groovy:895)
	at org.grails.datastore.gorm.GormEntity$Trait$Helper$withDatastoreSession$7.call(Unknown Source)
	at prni.Metadata.withDatastoreSession(Metadata.groovy)
	at prni.Metadata$withDatastoreSession$8.call(Unknown Source)
	at grails.gorm.DetachedCriteria.deleteAll(DetachedCriteria.groovy:943)
	at org.grails.datastore.gorm.query.GormOperations$deleteAll.call(Unknown Source)
	at org.codehaus.groovy.runtime.callsite.CallSiteArray.defaultCall(CallSiteArray.java:48)
	at org.codehaus.groovy.runtime.callsite.AbstractCallSite.call(AbstractCallSite.java:113)
	at org.codehaus.groovy.runtime.callsite.AbstractCallSite.call(AbstractCallSite.java:117)
	at prni.InitController$$EPqu0YA4.metadata(InitController.groovy:17)
	at prni.InitController$$DPqu0YA4.metadata(Unknown Source)
	at prni.InitController.metadata(InitController.groovy)
	at prni.InitController$$EPqu0YA4.index(InitController.groovy:9)
	... 60 common frames omitted
Caused by: org.hibernate.hql.internal.ast.QuerySyntaxException: unexpected AST node: query [DELETE prni.Metadata metadata WHERE ()]
	at org.hibernate.hql.internal.ast.QuerySyntaxException.convert(QuerySyntaxException.java:91)
	at org.hibernate.hql.internal.ast.ErrorCounter.throwQueryException(ErrorCounter.java:109)
	at org.hibernate.hql.internal.ast.QueryTranslatorImpl.analyze(QueryTranslatorImpl.java:284)
	at org.hibernate.hql.internal.ast.QueryTranslatorImpl.doCompile(QueryTranslatorImpl.java:206)
	at org.hibernate.hql.internal.ast.QueryTranslatorImpl.compile(QueryTranslatorImpl.java:158)
	at org.hibernate.engine.query.spi.HQLQueryPlan.<init>(HQLQueryPlan.java:131)
	at org.hibernate.engine.query.spi.HQLQueryPlan.<init>(HQLQueryPlan.java:93)
	at org.hibernate.engine.query.spi.QueryPlanCache.getHQLQueryPlan(QueryPlanCache.java:167)
	at org.hibernate.internal.AbstractSessionImpl.getHQLQueryPlan(AbstractSessionImpl.java:301)
	at org.hibernate.internal.AbstractSessionImpl.createQuery(AbstractSessionImpl.java:236)
	at org.hibernate.internal.SessionImpl.createQuery(SessionImpl.java:1836)
	at org.grails.orm.hibernate.HibernateSession$1.doInHibernate(HibernateSession.java:91)
	at org.grails.orm.hibernate.HibernateSession$1.doInHibernate(HibernateSession.java:85)
	at org.grails.orm.hibernate.GrailsHibernateTemplate.doExecute(GrailsHibernateTemplate.java:196)
	... 105 common frames omitted
ERROR StackTrace - Full Stack Trace:
org.springframework.orm.hibernate4.HibernateQueryException: unexpected AST node: query [DELETE prni.Metadata metadata WHERE ()]; nested exception is org.hibernate.hql.internal.ast.QuerySyntaxException: unexpected AST node: query [DELETE prni.Metadata metadata WHERE ()]
	at org.springframework.orm.hibernate4.SessionFactoryUtils.convertHibernateAccessException(SessionFactoryUtils.java:175)
	at org.grails.orm.hibernate.GrailsHibernateTemplate.convertHibernateAccessException(GrailsHibernateTemplate.java:614)
	at org.grails.orm.hibernate.GrailsHibernateTemplate.doExecute(GrailsHibernateTemplate.java:200)
	at org.grails.orm.hibernate.GrailsHibernateTemplate.execute(GrailsHibernateTemplate.java:140)
	at org.grails.orm.hibernate.HibernateSession.deleteAll(HibernateSession.java:85)
	at org.grails.datastore.mapping.core.Session$deleteAll.call(Unknown Source)
	at grails.gorm.DetachedCriteria$_deleteAll_closure7.doCall(DetachedCriteria.groovy:944)
	at sun.reflect.NativeMethodAccessorImpl.invoke0(Native Method)
	at sun.reflect.NativeMethodAccessorImpl.invoke(NativeMethodAccessorImpl.java:62)
	at sun.reflect.DelegatingMethodAccessorImpl.invoke(DelegatingMethodAccessorImpl.java:43)
	at java.lang.reflect.Method.invoke(Method.java:498)
	at org.springsource.loaded.ri.ReflectiveInterceptor.jlrMethodInvoke(ReflectiveInterceptor.java:1432)
	at org.codehaus.groovy.reflection.CachedMethod.invoke(CachedMethod.java:93)
	at groovy.lang.MetaMethod.doMethodInvoke(MetaMethod.java:325)
	at org.codehaus.groovy.runtime.metaclass.ClosureMetaClass.invokeMethod(ClosureMetaClass.java:294)
	at groovy.lang.MetaClassImpl.invokeMethod(MetaClassImpl.java:1024)
	at groovy.lang.Closure.call(Closure.java:414)
	at groovy.lang.Closure.call(Closure.java:430)
	at org.grails.datastore.gorm.GormStaticApi$_withDatastoreSession_closure23.doCall(GormStaticApi.groovy:736)
	at sun.reflect.NativeMethodAccessorImpl.invoke0(Native Method)
	at sun.reflect.NativeMethodAccessorImpl.invoke(NativeMethodAccessorImpl.java:62)
	at sun.reflect.DelegatingMethodAccessorImpl.invoke(DelegatingMethodAccessorImpl.java:43)
	at java.lang.reflect.Method.invoke(Method.java:498)
	at org.springsource.loaded.ri.ReflectiveInterceptor.jlrMethodInvoke(ReflectiveInterceptor.java:1432)
	at org.codehaus.groovy.reflection.CachedMethod.invoke(CachedMethod.java:93)
	at groovy.lang.MetaMethod.doMethodInvoke(MetaMethod.java:325)
	at org.codehaus.groovy.runtime.metaclass.ClosureMetaClass.invokeMethod(ClosureMetaClass.java:294)
	at groovy.lang.MetaClassImpl.invokeMethod(MetaClassImpl.java:1024)
	at groovy.lang.Closure.call(Closure.java:414)
	at org.codehaus.groovy.runtime.ConvertedClosure.invokeCustom(ConvertedClosure.java:54)
	at org.codehaus.groovy.runtime.ConversionHandler.invoke(ConversionHandler.java:124)
	at com.sun.proxy.$Proxy89.doInSession(Unknown Source)
	at org.grails.datastore.mapping.core.DatastoreUtils.execute(DatastoreUtils.java:310)
	at org.grails.datastore.gorm.AbstractDatastoreApi.execute(AbstractDatastoreApi.groovy:37)
	at org.grails.datastore.gorm.GormStaticApi.withDatastoreSession(GormStaticApi.groovy:735)
	at org.grails.datastore.gorm.GormEntity$Trait$Helper.withDatastoreSession(GormEntity.groovy:895)
	at org.grails.datastore.gorm.GormEntity$Trait$Helper$withDatastoreSession$7.call(Unknown Source)
	at prni.Metadata.withDatastoreSession(Metadata.groovy)
	at prni.Metadata$withDatastoreSession$8.call(Unknown Source)
	at grails.gorm.DetachedCriteria.deleteAll(DetachedCriteria.groovy:943)
	at org.grails.datastore.gorm.query.GormOperations$deleteAll.call(Unknown Source)
	at org.codehaus.groovy.runtime.callsite.CallSiteArray.defaultCall(CallSiteArray.java:48)
	at org.codehaus.groovy.runtime.callsite.AbstractCallSite.call(AbstractCallSite.java:113)
	at org.codehaus.groovy.runtime.callsite.AbstractCallSite.call(AbstractCallSite.java:117)
	at prni.InitController$$EPqu0YA4.metadata(InitController.groovy:17)
	at prni.InitController$$DPqu0YA4.metadata(Unknown Source)
	at prni.InitController.metadata(InitController.groovy)
	at prni.InitController$$EPqu0YA4.index(InitController.groovy:9)
	at sun.reflect.NativeMethodAccessorImpl.invoke0(Native Method)
	at sun.reflect.NativeMethodAccessorImpl.invoke(NativeMethodAccessorImpl.java:62)
	at sun.reflect.DelegatingMethodAccessorImpl.invoke(DelegatingMethodAccessorImpl.java:43)
	at java.lang.reflect.Method.invoke(Method.java:498)
	at org.springsource.loaded.ri.ReloadedTypeInvoker$2.invoke(ReloadedTypeInvoker.java:133)
	at org.springsource.loaded.ri.ReflectiveInterceptor.jlrMethodInvoke(ReflectiveInterceptor.java:1461)
	at org.grails.core.DefaultGrailsControllerClass$ReflectionInvoker.invoke(DefaultGrailsControllerClass.java:210)
	at org.grails.core.DefaultGrailsControllerClass.invoke(DefaultGrailsControllerClass.java:187)
	at org.grails.web.mapping.mvc.UrlMappingsInfoHandlerAdapter.handle(UrlMappingsInfoHandlerAdapter.groovy:89)
	at org.springframework.web.servlet.DispatcherServlet.doDispatch(DispatcherServlet.java:961)
	at org.springframework.web.servlet.DispatcherServlet.doService(DispatcherServlet.java:895)
	at org.springframework.web.servlet.FrameworkServlet.processRequest(FrameworkServlet.java:967)
	at org.springframework.web.servlet.FrameworkServlet.doGet(FrameworkServlet.java:858)
	at javax.servlet.http.HttpServlet.service(HttpServlet.java:622)
	at org.springframework.web.servlet.FrameworkServlet.service(FrameworkServlet.java:843)
	at javax.servlet.http.HttpServlet.service(HttpServlet.java:729)
	at org.apache.catalina.core.ApplicationFilterChain.internalDoFilter(ApplicationFilterChain.java:292)
	at org.apache.catalina.core.ApplicationFilterChain.doFilter(ApplicationFilterChain.java:207)
	at org.apache.tomcat.websocket.server.WsFilter.doFilter(WsFilter.java:52)
	at org.apache.catalina.core.ApplicationFilterChain.internalDoFilter(ApplicationFilterChain.java:240)
	at org.apache.catalina.core.ApplicationFilterChain.doFilter(ApplicationFilterChain.java:207)
	at org.springframework.boot.actuate.autoconfigure.EndpointWebMvcAutoConfiguration$ApplicationContextHeaderFilter.doFilterInternal(EndpointWebMvcAutoConfiguration.java:261)
	at org.springframework.web.filter.OncePerRequestFilter.doFilter(OncePerRequestFilter.java:107)
	at org.apache.catalina.core.ApplicationFilterChain.internalDoFilter(ApplicationFilterChain.java:240)
	at org.apache.catalina.core.ApplicationFilterChain.doFilter(ApplicationFilterChain.java:207)
	at org.springframework.boot.actuate.trace.WebRequestTraceFilter.doFilterInternal(WebRequestTraceFilter.java:115)
	at org.springframework.web.filter.OncePerRequestFilter.doFilter(OncePerRequestFilter.java:107)
	at org.apache.catalina.core.ApplicationFilterChain.internalDoFilter(ApplicationFilterChain.java:240)
	at org.apache.catalina.core.ApplicationFilterChain.doFilter(ApplicationFilterChain.java:207)
	at org.grails.web.servlet.mvc.GrailsWebRequestFilter.doFilterInternal(GrailsWebRequestFilter.java:75)
	at org.springframework.web.filter.OncePerRequestFilter.doFilter(OncePerRequestFilter.java:107)
	at org.apache.catalina.core.ApplicationFilterChain.internalDoFilter(ApplicationFilterChain.java:240)
	at org.apache.catalina.core.ApplicationFilterChain.doFilter(ApplicationFilterChain.java:207)
	at org.grails.web.filters.HiddenHttpMethodFilter.doFilterInternal(HiddenHttpMethodFilter.java:67)
	at org.springframework.web.filter.OncePerRequestFilter.doFilter(OncePerRequestFilter.java:107)
	at org.apache.catalina.core.ApplicationFilterChain.internalDoFilter(ApplicationFilterChain.java:240)
	at org.apache.catalina.core.ApplicationFilterChain.doFilter(ApplicationFilterChain.java:207)
	at org.springframework.web.filter.CharacterEncodingFilter.doFilterInternal(CharacterEncodingFilter.java:121)
	at org.springframework.web.filter.OncePerRequestFilter.doFilter(OncePerRequestFilter.java:107)
	at org.apache.catalina.core.ApplicationFilterChain.internalDoFilter(ApplicationFilterChain.java:240)
	at org.apache.catalina.core.ApplicationFilterChain.doFilter(ApplicationFilterChain.java:207)
	at org.springframework.boot.actuate.autoconfigure.MetricsFilter.doFilterInternal(MetricsFilter.java:103)
	at org.springframework.web.filter.OncePerRequestFilter.doFilter(OncePerRequestFilter.java:107)
	at org.apache.catalina.core.ApplicationFilterChain.internalDoFilter(ApplicationFilterChain.java:240)
	at org.apache.catalina.core.ApplicationFilterChain.doFilter(ApplicationFilterChain.java:207)
	at org.apache.catalina.core.StandardWrapperValve.invoke(StandardWrapperValve.java:212)
	at org.apache.catalina.core.StandardContextValve.invoke(StandardContextValve.java:106)
	at org.apache.catalina.authenticator.AuthenticatorBase.invoke(AuthenticatorBase.java:502)
	at org.apache.catalina.core.StandardHostValve.invoke(StandardHostValve.java:141)
	at org.apache.catalina.valves.ErrorReportValve.invoke(ErrorReportValve.java:79)
	at org.apache.catalina.core.StandardEngineValve.invoke(StandardEngineValve.java:88)
	at org.apache.catalina.connector.CoyoteAdapter.service(CoyoteAdapter.java:522)
	at org.apache.coyote.http11.AbstractHttp11Processor.process(AbstractHttp11Processor.java:1095)
	at org.apache.coyote.AbstractProtocol$AbstractConnectionHandler.process(AbstractProtocol.java:672)
	at org.apache.tomcat.util.net.NioEndpoint$SocketProcessor.doRun(NioEndpoint.java:1502)
	at org.apache.tomcat.util.net.NioEndpoint$SocketProcessor.run(NioEndpoint.java:1458)
	at java.util.concurrent.ThreadPoolExecutor.runWorker(ThreadPoolExecutor.java:1142)
	at java.util.concurrent.ThreadPoolExecutor$Worker.run(ThreadPoolExecutor.java:617)
	at org.apache.tomcat.util.threads.TaskThread$WrappingRunnable.run(TaskThread.java:61)
	at java.lang.Thread.run(Thread.java:745)
Caused by: org.hibernate.hql.internal.ast.QuerySyntaxException: unexpected AST node: query [DELETE prni.Metadata metadata WHERE ()]
	at org.hibernate.hql.internal.ast.QuerySyntaxException.convert(QuerySyntaxException.java:91)
	at org.hibernate.hql.internal.ast.ErrorCounter.throwQueryException(ErrorCounter.java:109)
	at org.hibernate.hql.internal.ast.QueryTranslatorImpl.analyze(QueryTranslatorImpl.java:284)
	at org.hibernate.hql.internal.ast.QueryTranslatorImpl.doCompile(QueryTranslatorImpl.java:206)
	at org.hibernate.hql.internal.ast.QueryTranslatorImpl.compile(QueryTranslatorImpl.java:158)
	at org.hibernate.engine.query.spi.HQLQueryPlan.<init>(HQLQueryPlan.java:131)
	at org.hibernate.engine.query.spi.HQLQueryPlan.<init>(HQLQueryPlan.java:93)
	at org.hibernate.engine.query.spi.QueryPlanCache.getHQLQueryPlan(QueryPlanCache.java:167)
	at org.hibernate.internal.AbstractSessionImpl.getHQLQueryPlan(AbstractSessionImpl.java:301)
	at org.hibernate.internal.AbstractSessionImpl.createQuery(AbstractSessionImpl.java:236)
	at org.hibernate.internal.SessionImpl.createQuery(SessionImpl.java:1836)
	at org.grails.orm.hibernate.HibernateSession$1.doInHibernate(HibernateSession.java:91)
	at org.grails.orm.hibernate.HibernateSession$1.doInHibernate(HibernateSession.java:85)
	at org.grails.orm.hibernate.GrailsHibernateTemplate.doExecute(GrailsHibernateTemplate.java:196)
	... 105 common frames omitted
ERROR StackTrace - Full Stack Trace:
org.hibernate.hql.internal.ast.QuerySyntaxException: unexpected AST node: query [DELETE prni.Metadata metadata WHERE ()]
	at org.hibernate.hql.internal.ast.QuerySyntaxException.convert(QuerySyntaxException.java:91)
	at org.hibernate.hql.internal.ast.ErrorCounter.throwQueryException(ErrorCounter.java:109)
	at org.hibernate.hql.internal.ast.QueryTranslatorImpl.analyze(QueryTranslatorImpl.java:284)
	at org.hibernate.hql.internal.ast.QueryTranslatorImpl.doCompile(QueryTranslatorImpl.java:206)
	at org.hibernate.hql.internal.ast.QueryTranslatorImpl.compile(QueryTranslatorImpl.java:158)
	at org.hibernate.engine.query.spi.HQLQueryPlan.<init>(HQLQueryPlan.java:131)
	at org.hibernate.engine.query.spi.HQLQueryPlan.<init>(HQLQueryPlan.java:93)
	at org.hibernate.engine.query.spi.QueryPlanCache.getHQLQueryPlan(QueryPlanCache.java:167)
	at org.hibernate.internal.AbstractSessionImpl.getHQLQueryPlan(AbstractSessionImpl.java:301)
	at org.hibernate.internal.AbstractSessionImpl.createQuery(AbstractSessionImpl.java:236)
	at org.hibernate.internal.SessionImpl.createQuery(SessionImpl.java:1836)
	at org.grails.orm.hibernate.HibernateSession$1.doInHibernate(HibernateSession.java:91)
	at org.grails.orm.hibernate.HibernateSession$1.doInHibernate(HibernateSession.java:85)
	at org.grails.orm.hibernate.GrailsHibernateTemplate.doExecute(GrailsHibernateTemplate.java:196)
	at org.grails.orm.hibernate.GrailsHibernateTemplate.execute(GrailsHibernateTemplate.java:140)
	at org.grails.orm.hibernate.HibernateSession.deleteAll(HibernateSession.java:85)
	at org.grails.datastore.mapping.core.Session$deleteAll.call(Unknown Source)
	at grails.gorm.DetachedCriteria$_deleteAll_closure7.doCall(DetachedCriteria.groovy:944)
	at sun.reflect.NativeMethodAccessorImpl.invoke0(Native Method)
	at sun.reflect.NativeMethodAccessorImpl.invoke(NativeMethodAccessorImpl.java:62)
	at sun.reflect.DelegatingMethodAccessorImpl.invoke(DelegatingMethodAccessorImpl.java:43)
	at java.lang.reflect.Method.invoke(Method.java:498)
	at org.springsource.loaded.ri.ReflectiveInterceptor.jlrMethodInvoke(ReflectiveInterceptor.java:1432)
	at org.codehaus.groovy.reflection.CachedMethod.invoke(CachedMethod.java:93)
	at groovy.lang.MetaMethod.doMethodInvoke(MetaMethod.java:325)
	at org.codehaus.groovy.runtime.metaclass.ClosureMetaClass.invokeMethod(ClosureMetaClass.java:294)
	at groovy.lang.MetaClassImpl.invokeMethod(MetaClassImpl.java:1024)
	at groovy.lang.Closure.call(Closure.java:414)
	at groovy.lang.Closure.call(Closure.java:430)
	at org.grails.datastore.gorm.GormStaticApi$_withDatastoreSession_closure23.doCall(GormStaticApi.groovy:736)
	at sun.reflect.NativeMethodAccessorImpl.invoke0(Native Method)
	at sun.reflect.NativeMethodAccessorImpl.invoke(NativeMethodAccessorImpl.java:62)
	at sun.reflect.DelegatingMethodAccessorImpl.invoke(DelegatingMethodAccessorImpl.java:43)
	at java.lang.reflect.Method.invoke(Method.java:498)
	at org.springsource.loaded.ri.ReflectiveInterceptor.jlrMethodInvoke(ReflectiveInterceptor.java:1432)
	at org.codehaus.groovy.reflection.CachedMethod.invoke(CachedMethod.java:93)
	at groovy.lang.MetaMethod.doMethodInvoke(MetaMethod.java:325)
	at org.codehaus.groovy.runtime.metaclass.ClosureMetaClass.invokeMethod(ClosureMetaClass.java:294)
	at groovy.lang.MetaClassImpl.invokeMethod(MetaClassImpl.java:1024)
	at groovy.lang.Closure.call(Closure.java:414)
	at org.codehaus.groovy.runtime.ConvertedClosure.invokeCustom(ConvertedClosure.java:54)
	at org.codehaus.groovy.runtime.ConversionHandler.invoke(ConversionHandler.java:124)
	at com.sun.proxy.$Proxy89.doInSession(Unknown Source)
	at org.grails.datastore.mapping.core.DatastoreUtils.execute(DatastoreUtils.java:310)
	at org.grails.datastore.gorm.AbstractDatastoreApi.execute(AbstractDatastoreApi.groovy:37)
	at org.grails.datastore.gorm.GormStaticApi.withDatastoreSession(GormStaticApi.groovy:735)
	at org.grails.datastore.gorm.GormEntity$Trait$Helper.withDatastoreSession(GormEntity.groovy:895)
	at org.grails.datastore.gorm.GormEntity$Trait$Helper$withDatastoreSession$7.call(Unknown Source)
	at prni.Metadata.withDatastoreSession(Metadata.groovy)
	at prni.Metadata$withDatastoreSession$8.call(Unknown Source)
	at grails.gorm.DetachedCriteria.deleteAll(DetachedCriteria.groovy:943)
	at org.grails.datastore.gorm.query.GormOperations$deleteAll.call(Unknown Source)
	at org.codehaus.groovy.runtime.callsite.CallSiteArray.defaultCall(CallSiteArray.java:48)
	at org.codehaus.groovy.runtime.callsite.AbstractCallSite.call(AbstractCallSite.java:113)
	at org.codehaus.groovy.runtime.callsite.AbstractCallSite.call(AbstractCallSite.java:117)
	at prni.InitController$$EPqu0YA4.metadata(InitController.groovy:17)
	at prni.InitController$$DPqu0YA4.metadata(Unknown Source)
	at prni.InitController.metadata(InitController.groovy)
	at prni.InitController$$EPqu0YA4.index(InitController.groovy:9)
	at sun.reflect.NativeMethodAccessorImpl.invoke0(Native Method)
	at sun.reflect.NativeMethodAccessorImpl.invoke(NativeMethodAccessorImpl.java:62)
	at sun.reflect.DelegatingMethodAccessorImpl.invoke(DelegatingMethodAccessorImpl.java:43)
	at java.lang.reflect.Method.invoke(Method.java:498)
	at org.springsource.loaded.ri.ReloadedTypeInvoker$2.invoke(ReloadedTypeInvoker.java:133)
	at org.springsource.loaded.ri.ReflectiveInterceptor.jlrMethodInvoke(ReflectiveInterceptor.java:1461)
	at org.grails.core.DefaultGrailsControllerClass$ReflectionInvoker.invoke(DefaultGrailsControllerClass.java:210)
	at org.grails.core.DefaultGrailsControllerClass.invoke(DefaultGrailsControllerClass.java:187)
	at org.grails.web.mapping.mvc.UrlMappingsInfoHandlerAdapter.handle(UrlMappingsInfoHandlerAdapter.groovy:89)
	at org.springframework.web.servlet.DispatcherServlet.doDispatch(DispatcherServlet.java:961)
	at org.springframework.web.servlet.DispatcherServlet.doService(DispatcherServlet.java:895)
	at org.springframework.web.servlet.FrameworkServlet.processRequest(FrameworkServlet.java:967)
	at org.springframework.web.servlet.FrameworkServlet.doGet(FrameworkServlet.java:858)
	at javax.servlet.http.HttpServlet.service(HttpServlet.java:622)
	at org.springframework.web.servlet.FrameworkServlet.service(FrameworkServlet.java:843)
	at javax.servlet.http.HttpServlet.service(HttpServlet.java:729)
	at org.apache.catalina.core.ApplicationFilterChain.internalDoFilter(ApplicationFilterChain.java:292)
	at org.apache.catalina.core.ApplicationFilterChain.doFilter(ApplicationFilterChain.java:207)
	at org.apache.tomcat.websocket.server.WsFilter.doFilter(WsFilter.java:52)
	at org.apache.catalina.core.ApplicationFilterChain.internalDoFilter(ApplicationFilterChain.java:240)
	at org.apache.catalina.core.ApplicationFilterChain.doFilter(ApplicationFilterChain.java:207)
	at org.springframework.boot.actuate.autoconfigure.EndpointWebMvcAutoConfiguration$ApplicationContextHeaderFilter.doFilterInternal(EndpointWebMvcAutoConfiguration.java:261)
	at org.springframework.web.filter.OncePerRequestFilter.doFilter(OncePerRequestFilter.java:107)
	at org.apache.catalina.core.ApplicationFilterChain.internalDoFilter(ApplicationFilterChain.java:240)
	at org.apache.catalina.core.ApplicationFilterChain.doFilter(ApplicationFilterChain.java:207)
	at org.springframework.boot.actuate.trace.WebRequestTraceFilter.doFilterInternal(WebRequestTraceFilter.java:115)
	at org.springframework.web.filter.OncePerRequestFilter.doFilter(OncePerRequestFilter.java:107)
	at org.apache.catalina.core.ApplicationFilterChain.internalDoFilter(ApplicationFilterChain.java:240)
	at org.apache.catalina.core.ApplicationFilterChain.doFilter(ApplicationFilterChain.java:207)
	at org.grails.web.servlet.mvc.GrailsWebRequestFilter.doFilterInternal(GrailsWebRequestFilter.java:75)
	at org.springframework.web.filter.OncePerRequestFilter.doFilter(OncePerRequestFilter.java:107)
	at org.apache.catalina.core.ApplicationFilterChain.internalDoFilter(ApplicationFilterChain.java:240)
	at org.apache.catalina.core.ApplicationFilterChain.doFilter(ApplicationFilterChain.java:207)
	at org.grails.web.filters.HiddenHttpMethodFilter.doFilterInternal(HiddenHttpMethodFilter.java:67)
	at org.springframework.web.filter.OncePerRequestFilter.doFilter(OncePerRequestFilter.java:107)
	at org.apache.catalina.core.ApplicationFilterChain.internalDoFilter(ApplicationFilterChain.java:240)
	at org.apache.catalina.core.ApplicationFilterChain.doFilter(ApplicationFilterChain.java:207)
	at org.springframework.web.filter.CharacterEncodingFilter.doFilterInternal(CharacterEncodingFilter.java:121)
	at org.springframework.web.filter.OncePerRequestFilter.doFilter(OncePerRequestFilter.java:107)
	at org.apache.catalina.core.ApplicationFilterChain.internalDoFilter(ApplicationFilterChain.java:240)
	at org.apache.catalina.core.ApplicationFilterChain.doFilter(ApplicationFilterChain.java:207)
	at org.springframework.boot.actuate.autoconfigure.MetricsFilter.doFilterInternal(MetricsFilter.java:103)
	at org.springframework.web.filter.OncePerRequestFilter.doFilter(OncePerRequestFilter.java:107)
	at org.apache.catalina.core.ApplicationFilterChain.internalDoFilter(ApplicationFilterChain.java:240)
	at org.apache.catalina.core.ApplicationFilterChain.doFilter(ApplicationFilterChain.java:207)
	at org.apache.catalina.core.StandardWrapperValve.invoke(StandardWrapperValve.java:212)
	at org.apache.catalina.core.StandardContextValve.invoke(StandardContextValve.java:106)
	at org.apache.catalina.authenticator.AuthenticatorBase.invoke(AuthenticatorBase.java:502)
	at org.apache.catalina.core.StandardHostValve.invoke(StandardHostValve.java:141)
	at org.apache.catalina.valves.ErrorReportValve.invoke(ErrorReportValve.java:79)
	at org.apache.catalina.core.StandardEngineValve.invoke(StandardEngineValve.java:88)
	at org.apache.catalina.connector.CoyoteAdapter.service(CoyoteAdapter.java:522)
	at org.apache.coyote.http11.AbstractHttp11Processor.process(AbstractHttp11Processor.java:1095)
	at org.apache.coyote.AbstractProtocol$AbstractConnectionHandler.process(AbstractProtocol.java:672)
	at org.apache.tomcat.util.net.NioEndpoint$SocketProcessor.doRun(NioEndpoint.java:1502)
	at org.apache.tomcat.util.net.NioEndpoint$SocketProcessor.run(NioEndpoint.java:1458)
	at java.util.concurrent.ThreadPoolExecutor.runWorker(ThreadPoolExecutor.java:1142)
	at java.util.concurrent.ThreadPoolExecutor$Worker.run(ThreadPoolExecutor.java:617)
	at org.apache.tomcat.util.threads.TaskThread$WrappingRunnable.run(TaskThread.java:61)
	at java.lang.Thread.run(Thread.java:745)
ERROR StackTrace - Full Stack Trace:
java.lang.reflect.InvocationTargetException: null
	at java.util.concurrent.ThreadPoolExecutor.runWorker(ThreadPoolExecutor.java:1142)
	at java.util.concurrent.ThreadPoolExecutor$Worker.run(ThreadPoolExecutor.java:617)
	at java.lang.Thread.run(Thread.java:745)
Caused by: org.springframework.orm.hibernate4.HibernateQueryException: unexpected AST node: query [DELETE prni.Metadata metadata WHERE ()]; nested exception is org.hibernate.hql.internal.ast.QuerySyntaxException: unexpected AST node: query [DELETE prni.Metadata metadata WHERE ()]
	at grails.gorm.DetachedCriteria$_deleteAll_closure7.doCall(DetachedCriteria.groovy:944)
	at grails.gorm.DetachedCriteria.deleteAll(DetachedCriteria.groovy:943)
	at prni.InitController$$EPqu0YA4.metadata(InitController.groovy:17)
	at prni.InitController$$EPqu0YA4.index(InitController.groovy:9)
	... 3 common frames omitted
Caused by: org.hibernate.hql.internal.ast.QuerySyntaxException: unexpected AST node: query [DELETE prni.Metadata metadata WHERE ()]
	... 7 common frames omitted
